2024-07-04 09:28:25.059 [restartedMain] INFO  [o.s.scheduling.quartz.LocalDataSourceJobStore] - Could not detect database type. Assuming locks can be taken.
2024-07-04 09:28:25.062 [restartedMain] INFO  [o.s.scheduling.quartz.LocalDataSourceJobStore] - Using db table-based data access locking (synchronization).
2024-07-04 09:28:25.068 [restartedMain] INFO  [o.s.scheduling.quartz.LocalDataSourceJobStore] - JobStoreCMT initialized.
2024-07-04 09:28:26.547 [restartedMain] INFO  [org.apache.catalina.core.StandardService] - Stopping service [Tomcat]
2024-07-04 09:28:26.557 [restartedMain] INFO  [o.s.b.a.logging.ConditionEvaluationReportLogger] - 

Error starting ApplicationContext. To display the condition evaluation report re-run your application with 'debug' enabled.
2024-07-04 09:31:15.685 [restartedMain] INFO  [o.s.boot.devtools.restart.ChangeableUrls] - The Class-Path manifest attribute in /Users/wing/DevelopEnvironment/apache-maven-3.9.4/repository/xalan/xalan/2.7.2/xalan-2.7.2.jar referenced one or more files that do not exist: file:/Users/wing/DevelopEnvironment/apache-maven-3.9.4/repository/xalan/xalan/2.7.2/xercesImpl.jar,file:/Users/wing/DevelopEnvironment/apache-maven-3.9.4/repository/xalan/xalan/2.7.2/xml-apis.jar,file:/Users/wing/DevelopEnvironment/apache-maven-3.9.4/repository/xalan/xalan/2.7.2/serializer.jar
2024-07-04 09:31:15.685 [restartedMain] INFO  [o.s.boot.devtools.restart.ChangeableUrls] - The Class-Path manifest attribute in /Users/wing/DevelopEnvironment/apache-maven-3.9.4/repository/xalan/serializer/2.7.2/serializer-2.7.2.jar referenced one or more files that do not exist: file:/Users/wing/DevelopEnvironment/apache-maven-3.9.4/repository/xalan/serializer/2.7.2/xml-apis.jar
2024-07-04 09:31:15.686 [restartedMain] INFO  [o.s.b.d.env.DevToolsPropertyDefaultsPostProcessor] - Devtools property defaults active! Set 'spring.devtools.add-properties' to 'false' to disable
2024-07-04 09:31:15.686 [restartedMain] INFO  [o.s.b.d.env.DevToolsPropertyDefaultsPostProcessor] - For additional web related logging consider setting the 'logging.level.web' property to 'DEBUG'
2024-07-04 09:31:16.618 [restartedMain] INFO  [o.s.boot.web.embedded.tomcat.TomcatWebServer] - Tomcat initialized with port(s): 9999 (http)
2024-07-04 09:31:16.622 [restartedMain] INFO  [org.apache.catalina.core.StandardService] - Starting service [Tomcat]
2024-07-04 09:31:16.622 [restartedMain] INFO  [org.apache.catalina.core.StandardEngine] - Starting Servlet engine: [Apache Tomcat/10.1.11]
2024-07-04 09:31:16.650 [restartedMain] INFO  [o.a.c.core.ContainerBase.[Tomcat].[localhost].[/]] - Initializing Spring embedded WebApplicationContext
2024-07-04 09:31:16.651 [restartedMain] INFO  [o.s.b.w.s.c.ServletWebServerApplicationContext] - Root WebApplicationContext: initialization completed in 965 ms
2024-07-04 09:34:56.869 [restartedMain] INFO  [o.s.scheduling.quartz.LocalDataSourceJobStore] - Using db table-based data access locking (synchronization).
2024-07-04 09:34:56.871 [restartedMain] INFO  [o.s.scheduling.quartz.LocalDataSourceJobStore] - JobStoreCMT initialized.
2024-07-04 09:34:57.908 [restartedMain] INFO  [o.s.b.actuate.endpoint.web.EndpointLinksResolver] - Exposing 1 endpoint(s) beneath base path '/actuator'
2024-07-04 09:34:57.933 [restartedMain] INFO  [o.s.security.web.DefaultSecurityFilterChain] - Will secure any request with [org.springframework.security.web.session.DisableEncodeUrlFilter@33ecf82e, org.springframework.security.web.context.request.async.WebAsyncManagerIntegrationFilter@5e68262, org.springframework.security.web.context.SecurityContextHolderFilter@1bf89ca4, org.springframework.security.web.header.HeaderWriterFilter@3b7c7d99, org.springframework.security.web.authentication.logout.LogoutFilter@220eb375, com.redpig.security.filter.JwtAuthenticationTokenFilter@30b86fc7, com.redpig.security.filter.LoginAuthenticationFilter@1d475a33, org.springframework.security.web.authentication.UsernamePasswordAuthenticationFilter@5ca98f09, org.springframework.security.web.authentication.ui.DefaultLoginPageGeneratingFilter@7e4a9c32, org.springframework.security.web.authentication.ui.DefaultLogoutPageGeneratingFilter@49beec3d, org.springframework.security.web.savedrequest.RequestCacheAwareFilter@713342e2, org.springframework.security.web.servletapi.SecurityContextHolderAwareRequestFilter@74dce553, org.springframework.security.web.authentication.AnonymousAuthenticationFilter@787a82fa, org.springframework.security.web.access.ExceptionTranslationFilter@1a6c2c1e, org.springframework.security.web.access.intercept.AuthorizationFilter@570e2998]
2024-07-04 09:34:58.100 [restartedMain] INFO  [o.s.b.d.autoconfigure.OptionalLiveReloadServer] - LiveReload server is running on port 35729
2024-07-04 09:34:58.150 [restartedMain] INFO  [o.s.boot.web.embedded.tomcat.TomcatWebServer] - Tomcat started on port(s): 9999 (http) with context path ''
2024-07-04 09:34:58.150 [restartedMain] INFO  [o.s.scheduling.quartz.SchedulerFactoryBean] - Starting Quartz Scheduler now
2024-07-04 09:34:58.742 [restartedMain] INFO  [o.s.scheduling.quartz.LocalDataSourceJobStore] - Freed 0 triggers from 'acquired' / 'blocked' state.
2024-07-04 09:34:58.972 [restartedMain] INFO  [o.s.scheduling.quartz.LocalDataSourceJobStore] - Recovering 0 jobs that were in-progress at the time of the last shut-down.
2024-07-04 09:34:58.972 [restartedMain] INFO  [o.s.scheduling.quartz.LocalDataSourceJobStore] - Recovery complete.
2024-07-04 09:34:59.097 [restartedMain] INFO  [o.s.scheduling.quartz.LocalDataSourceJobStore] - Removed 0 'complete' triggers.
2024-07-04 09:34:59.209 [restartedMain] INFO  [o.s.scheduling.quartz.LocalDataSourceJobStore] - Removed 0 stale fired job entries.
2024-07-04 09:34:59.460 [SpringApplicationShutdownHook] INFO  [o.s.scheduling.quartz.SchedulerFactoryBean] - Shutting down Quartz Scheduler
2024-07-04 09:35:05.626 [restartedMain] INFO  [o.s.boot.devtools.restart.ChangeableUrls] - The Class-Path manifest attribute in /Users/wing/DevelopEnvironment/apache-maven-3.9.4/repository/xalan/xalan/2.7.2/xalan-2.7.2.jar referenced one or more files that do not exist: file:/Users/wing/DevelopEnvironment/apache-maven-3.9.4/repository/xalan/xalan/2.7.2/xercesImpl.jar,file:/Users/wing/DevelopEnvironment/apache-maven-3.9.4/repository/xalan/xalan/2.7.2/xml-apis.jar,file:/Users/wing/DevelopEnvironment/apache-maven-3.9.4/repository/xalan/xalan/2.7.2/serializer.jar
2024-07-04 09:35:05.626 [restartedMain] INFO  [o.s.boot.devtools.restart.ChangeableUrls] - The Class-Path manifest attribute in /Users/wing/DevelopEnvironment/apache-maven-3.9.4/repository/xalan/serializer/2.7.2/serializer-2.7.2.jar referenced one or more files that do not exist: file:/Users/wing/DevelopEnvironment/apache-maven-3.9.4/repository/xalan/serializer/2.7.2/xml-apis.jar
2024-07-04 09:35:05.626 [restartedMain] INFO  [o.s.b.d.env.DevToolsPropertyDefaultsPostProcessor] - Devtools property defaults active! Set 'spring.devtools.add-properties' to 'false' to disable
2024-07-04 09:35:05.626 [restartedMain] INFO  [o.s.b.d.env.DevToolsPropertyDefaultsPostProcessor] - For additional web related logging consider setting the 'logging.level.web' property to 'DEBUG'
2024-07-04 09:35:06.506 [restartedMain] INFO  [o.s.boot.web.embedded.tomcat.TomcatWebServer] - Tomcat initialized with port(s): 9999 (http)
2024-07-04 09:35:06.511 [restartedMain] INFO  [org.apache.catalina.core.StandardService] - Starting service [Tomcat]
2024-07-04 09:35:06.511 [restartedMain] INFO  [org.apache.catalina.core.StandardEngine] - Starting Servlet engine: [Apache Tomcat/10.1.11]
2024-07-04 09:35:06.537 [restartedMain] INFO  [o.a.c.core.ContainerBase.[Tomcat].[localhost].[/]] - Initializing Spring embedded WebApplicationContext
2024-07-04 09:35:06.537 [restartedMain] INFO  [o.s.b.w.s.c.ServletWebServerApplicationContext] - Root WebApplicationContext: initialization completed in 910 ms
2024-07-04 09:36:05.058 [restartedMain] INFO  [org.apache.catalina.core.StandardService] - Stopping service [Tomcat]
2024-07-04 09:36:05.070 [restartedMain] INFO  [o.s.b.a.logging.ConditionEvaluationReportLogger] - 

Error starting ApplicationContext. To display the condition evaluation report re-run your application with 'debug' enabled.
2024-07-04 09:38:32.869 [restartedMain] INFO  [o.s.boot.devtools.restart.ChangeableUrls] - The Class-Path manifest attribute in /Users/wing/DevelopEnvironment/apache-maven-3.9.4/repository/xalan/xalan/2.7.2/xalan-2.7.2.jar referenced one or more files that do not exist: file:/Users/wing/DevelopEnvironment/apache-maven-3.9.4/repository/xalan/xalan/2.7.2/xercesImpl.jar,file:/Users/wing/DevelopEnvironment/apache-maven-3.9.4/repository/xalan/xalan/2.7.2/xml-apis.jar,file:/Users/wing/DevelopEnvironment/apache-maven-3.9.4/repository/xalan/xalan/2.7.2/serializer.jar
2024-07-04 09:38:32.869 [restartedMain] INFO  [o.s.boot.devtools.restart.ChangeableUrls] - The Class-Path manifest attribute in /Users/wing/DevelopEnvironment/apache-maven-3.9.4/repository/xalan/serializer/2.7.2/serializer-2.7.2.jar referenced one or more files that do not exist: file:/Users/wing/DevelopEnvironment/apache-maven-3.9.4/repository/xalan/serializer/2.7.2/xml-apis.jar
2024-07-04 09:38:32.869 [restartedMain] INFO  [o.s.b.d.env.DevToolsPropertyDefaultsPostProcessor] - Devtools property defaults active! Set 'spring.devtools.add-properties' to 'false' to disable
2024-07-04 09:38:32.870 [restartedMain] INFO  [o.s.b.d.env.DevToolsPropertyDefaultsPostProcessor] - For additional web related logging consider setting the 'logging.level.web' property to 'DEBUG'
2024-07-04 09:38:33.649 [restartedMain] INFO  [o.s.boot.web.embedded.tomcat.TomcatWebServer] - Tomcat initialized with port(s): 9999 (http)
2024-07-04 09:38:33.653 [restartedMain] INFO  [org.apache.catalina.core.StandardService] - Starting service [Tomcat]
2024-07-04 09:38:33.653 [restartedMain] INFO  [org.apache.catalina.core.StandardEngine] - Starting Servlet engine: [Apache Tomcat/10.1.11]
2024-07-04 09:38:33.679 [restartedMain] INFO  [o.a.c.core.ContainerBase.[Tomcat].[localhost].[/]] - Initializing Spring embedded WebApplicationContext
2024-07-04 09:38:33.679 [restartedMain] INFO  [o.s.b.w.s.c.ServletWebServerApplicationContext] - Root WebApplicationContext: initialization completed in 809 ms
2024-07-04 09:38:50.814 [restartedMain] INFO  [o.s.scheduling.quartz.LocalDataSourceJobStore] - Using db table-based data access locking (synchronization).
2024-07-04 09:38:50.816 [restartedMain] INFO  [o.s.scheduling.quartz.LocalDataSourceJobStore] - JobStoreCMT initialized.
2024-07-04 09:38:51.846 [restartedMain] INFO  [o.s.b.actuate.endpoint.web.EndpointLinksResolver] - Exposing 1 endpoint(s) beneath base path '/actuator'
2024-07-04 09:38:51.869 [restartedMain] INFO  [o.s.security.web.DefaultSecurityFilterChain] - Will secure any request with [org.springframework.security.web.session.DisableEncodeUrlFilter@fc697a0, org.springframework.security.web.context.request.async.WebAsyncManagerIntegrationFilter@22b0cc90, org.springframework.security.web.context.SecurityContextHolderFilter@77c07ec6, org.springframework.security.web.header.HeaderWriterFilter@7916069a, org.springframework.security.web.authentication.logout.LogoutFilter@285da4c7, com.redpig.security.filter.JwtAuthenticationTokenFilter@618bc517, com.redpig.security.filter.LoginAuthenticationFilter@33aa41e3, org.springframework.security.web.authentication.UsernamePasswordAuthenticationFilter@19ca4f57, org.springframework.security.web.authentication.ui.DefaultLoginPageGeneratingFilter@66eb649c, org.springframework.security.web.authentication.ui.DefaultLogoutPageGeneratingFilter@8eabba1, org.springframework.security.web.savedrequest.RequestCacheAwareFilter@3b5fe810, org.springframework.security.web.servletapi.SecurityContextHolderAwareRequestFilter@450dbce8, org.springframework.security.web.authentication.AnonymousAuthenticationFilter@2c9a3260, org.springframework.security.web.access.ExceptionTranslationFilter@71f9164b, org.springframework.security.web.access.intercept.AuthorizationFilter@39de6a0d]
2024-07-04 09:38:52.026 [restartedMain] INFO  [o.s.b.d.autoconfigure.OptionalLiveReloadServer] - LiveReload server is running on port 35729
2024-07-04 09:38:52.072 [restartedMain] INFO  [o.s.boot.web.embedded.tomcat.TomcatWebServer] - Tomcat started on port(s): 9999 (http) with context path ''
2024-07-04 09:38:52.072 [restartedMain] INFO  [o.s.scheduling.quartz.SchedulerFactoryBean] - Starting Quartz Scheduler now
2024-07-04 09:38:52.944 [restartedMain] INFO  [o.s.scheduling.quartz.LocalDataSourceJobStore] - Freed 0 triggers from 'acquired' / 'blocked' state.
2024-07-04 09:38:53.350 [restartedMain] INFO  [o.s.scheduling.quartz.LocalDataSourceJobStore] - Recovering 0 jobs that were in-progress at the time of the last shut-down.
2024-07-04 09:38:53.351 [restartedMain] INFO  [o.s.scheduling.quartz.LocalDataSourceJobStore] - Recovery complete.
2024-07-04 09:38:53.522 [restartedMain] INFO  [o.s.scheduling.quartz.LocalDataSourceJobStore] - Removed 0 'complete' triggers.
2024-07-04 09:38:53.856 [restartedMain] INFO  [o.s.scheduling.quartz.LocalDataSourceJobStore] - Removed 0 stale fired job entries.
2024-07-04 09:38:54.384 [RMI TCP Connection(4)-127.0.0.1] INFO  [o.a.c.core.ContainerBase.[Tomcat].[localhost].[/]] - Initializing Spring DispatcherServlet 'dispatcherServlet'
2024-07-04 09:38:54.385 [RMI TCP Connection(4)-127.0.0.1] INFO  [org.springframework.web.servlet.DispatcherServlet] - Initializing Servlet 'dispatcherServlet'
2024-07-04 09:38:54.385 [RMI TCP Connection(4)-127.0.0.1] INFO  [org.springframework.web.servlet.DispatcherServlet] - Completed initialization in 0 ms
2024-07-04 09:40:27.256 [SpringApplicationShutdownHook] INFO  [o.s.scheduling.quartz.SchedulerFactoryBean] - Shutting down Quartz Scheduler
2024-07-04 09:40:30.119 [restartedMain] INFO  [o.s.boot.devtools.restart.ChangeableUrls] - The Class-Path manifest attribute in /Users/wing/DevelopEnvironment/apache-maven-3.9.4/repository/xalan/xalan/2.7.2/xalan-2.7.2.jar referenced one or more files that do not exist: file:/Users/wing/DevelopEnvironment/apache-maven-3.9.4/repository/xalan/xalan/2.7.2/xercesImpl.jar,file:/Users/wing/DevelopEnvironment/apache-maven-3.9.4/repository/xalan/xalan/2.7.2/xml-apis.jar,file:/Users/wing/DevelopEnvironment/apache-maven-3.9.4/repository/xalan/xalan/2.7.2/serializer.jar
2024-07-04 09:40:30.119 [restartedMain] INFO  [o.s.boot.devtools.restart.ChangeableUrls] - The Class-Path manifest attribute in /Users/wing/DevelopEnvironment/apache-maven-3.9.4/repository/xalan/serializer/2.7.2/serializer-2.7.2.jar referenced one or more files that do not exist: file:/Users/wing/DevelopEnvironment/apache-maven-3.9.4/repository/xalan/serializer/2.7.2/xml-apis.jar
2024-07-04 09:40:30.119 [restartedMain] INFO  [o.s.b.d.env.DevToolsPropertyDefaultsPostProcessor] - Devtools property defaults active! Set 'spring.devtools.add-properties' to 'false' to disable
2024-07-04 09:40:30.119 [restartedMain] INFO  [o.s.b.d.env.DevToolsPropertyDefaultsPostProcessor] - For additional web related logging consider setting the 'logging.level.web' property to 'DEBUG'
2024-07-04 09:40:31.053 [restartedMain] INFO  [o.s.boot.web.embedded.tomcat.TomcatWebServer] - Tomcat initialized with port(s): 9999 (http)
2024-07-04 09:40:31.058 [restartedMain] INFO  [org.apache.catalina.core.StandardService] - Starting service [Tomcat]
2024-07-04 09:40:31.058 [restartedMain] INFO  [org.apache.catalina.core.StandardEngine] - Starting Servlet engine: [Apache Tomcat/10.1.11]
2024-07-04 09:40:31.084 [restartedMain] INFO  [o.a.c.core.ContainerBase.[Tomcat].[localhost].[/]] - Initializing Spring embedded WebApplicationContext
2024-07-04 09:40:31.084 [restartedMain] INFO  [o.s.b.w.s.c.ServletWebServerApplicationContext] - Root WebApplicationContext: initialization completed in 965 ms
2024-07-04 09:43:56.950 [restartedMain] INFO  [o.s.scheduling.quartz.LocalDataSourceJobStore] - Using db table-based data access locking (synchronization).
2024-07-04 09:43:56.952 [restartedMain] INFO  [o.s.scheduling.quartz.LocalDataSourceJobStore] - JobStoreCMT initialized.
2024-07-04 09:43:57.836 [restartedMain] INFO  [o.s.b.actuate.endpoint.web.EndpointLinksResolver] - Exposing 1 endpoint(s) beneath base path '/actuator'
2024-07-04 09:43:57.863 [restartedMain] INFO  [o.s.security.web.DefaultSecurityFilterChain] - Will secure any request with [org.springframework.security.web.session.DisableEncodeUrlFilter@7a27676a, org.springframework.security.web.context.request.async.WebAsyncManagerIntegrationFilter@175f2686, org.springframework.security.web.context.SecurityContextHolderFilter@211c70e7, org.springframework.security.web.header.HeaderWriterFilter@5e7d8fc1, org.springframework.security.web.authentication.logout.LogoutFilter@5ff31bd5, com.redpig.security.filter.JwtAuthenticationTokenFilter@1a811b0a, com.redpig.security.filter.LoginAuthenticationFilter@4c3a2537, org.springframework.security.web.authentication.UsernamePasswordAuthenticationFilter@726ab25a, org.springframework.security.web.authentication.ui.DefaultLoginPageGeneratingFilter@3840ecde, org.springframework.security.web.authentication.ui.DefaultLogoutPageGeneratingFilter@de707ed, org.springframework.security.web.savedrequest.RequestCacheAwareFilter@1aacac11, org.springframework.security.web.servletapi.SecurityContextHolderAwareRequestFilter@6edc56aa, org.springframework.security.web.authentication.AnonymousAuthenticationFilter@63626bc1, org.springframework.security.web.access.ExceptionTranslationFilter@6670b91d, org.springframework.security.web.access.intercept.AuthorizationFilter@11a75eaf]
2024-07-04 09:43:58.033 [restartedMain] INFO  [o.s.b.d.autoconfigure.OptionalLiveReloadServer] - LiveReload server is running on port 35729
2024-07-04 09:43:58.085 [restartedMain] INFO  [o.s.boot.web.embedded.tomcat.TomcatWebServer] - Tomcat started on port(s): 9999 (http) with context path ''
2024-07-04 09:43:58.086 [restartedMain] INFO  [o.s.scheduling.quartz.SchedulerFactoryBean] - Starting Quartz Scheduler now
2024-07-04 09:43:58.647 [restartedMain] INFO  [o.s.scheduling.quartz.LocalDataSourceJobStore] - Freed 0 triggers from 'acquired' / 'blocked' state.
2024-07-04 09:43:58.914 [restartedMain] INFO  [o.s.scheduling.quartz.LocalDataSourceJobStore] - Recovering 0 jobs that were in-progress at the time of the last shut-down.
2024-07-04 09:43:58.914 [restartedMain] INFO  [o.s.scheduling.quartz.LocalDataSourceJobStore] - Recovery complete.
2024-07-04 09:43:59.062 [restartedMain] INFO  [o.s.scheduling.quartz.LocalDataSourceJobStore] - Removed 0 'complete' triggers.
2024-07-04 09:43:59.188 [restartedMain] INFO  [o.s.scheduling.quartz.LocalDataSourceJobStore] - Removed 0 stale fired job entries.
2024-07-04 09:43:59.513 [SpringApplicationShutdownHook] INFO  [o.s.scheduling.quartz.SchedulerFactoryBean] - Shutting down Quartz Scheduler
2024-07-04 09:44:06.222 [restartedMain] INFO  [o.s.boot.devtools.restart.ChangeableUrls] - The Class-Path manifest attribute in /Users/wing/DevelopEnvironment/apache-maven-3.9.4/repository/xalan/xalan/2.7.2/xalan-2.7.2.jar referenced one or more files that do not exist: file:/Users/wing/DevelopEnvironment/apache-maven-3.9.4/repository/xalan/xalan/2.7.2/xercesImpl.jar,file:/Users/wing/DevelopEnvironment/apache-maven-3.9.4/repository/xalan/xalan/2.7.2/xml-apis.jar,file:/Users/wing/DevelopEnvironment/apache-maven-3.9.4/repository/xalan/xalan/2.7.2/serializer.jar
2024-07-04 09:44:06.222 [restartedMain] INFO  [o.s.boot.devtools.restart.ChangeableUrls] - The Class-Path manifest attribute in /Users/wing/DevelopEnvironment/apache-maven-3.9.4/repository/xalan/serializer/2.7.2/serializer-2.7.2.jar referenced one or more files that do not exist: file:/Users/wing/DevelopEnvironment/apache-maven-3.9.4/repository/xalan/serializer/2.7.2/xml-apis.jar
2024-07-04 09:44:06.222 [restartedMain] INFO  [o.s.b.d.env.DevToolsPropertyDefaultsPostProcessor] - Devtools property defaults active! Set 'spring.devtools.add-properties' to 'false' to disable
2024-07-04 09:44:06.222 [restartedMain] INFO  [o.s.b.d.env.DevToolsPropertyDefaultsPostProcessor] - For additional web related logging consider setting the 'logging.level.web' property to 'DEBUG'
2024-07-04 09:44:07.047 [restartedMain] INFO  [o.s.boot.web.embedded.tomcat.TomcatWebServer] - Tomcat initialized with port(s): 9999 (http)
2024-07-04 09:44:07.051 [restartedMain] INFO  [org.apache.catalina.core.StandardService] - Starting service [Tomcat]
2024-07-04 09:44:07.051 [restartedMain] INFO  [org.apache.catalina.core.StandardEngine] - Starting Servlet engine: [Apache Tomcat/10.1.11]
2024-07-04 09:44:07.077 [restartedMain] INFO  [o.a.c.core.ContainerBase.[Tomcat].[localhost].[/]] - Initializing Spring embedded WebApplicationContext
2024-07-04 09:44:07.077 [restartedMain] INFO  [o.s.b.w.s.c.ServletWebServerApplicationContext] - Root WebApplicationContext: initialization completed in 854 ms
2024-07-04 09:44:56.148 [restartedMain] INFO  [org.apache.catalina.core.StandardService] - Stopping service [Tomcat]
2024-07-04 09:44:56.161 [restartedMain] INFO  [o.s.b.a.logging.ConditionEvaluationReportLogger] - 

Error starting ApplicationContext. To display the condition evaluation report re-run your application with 'debug' enabled.
2024-07-04 09:46:03.028 [restartedMain] INFO  [o.s.boot.devtools.restart.ChangeableUrls] - The Class-Path manifest attribute in /Users/wing/DevelopEnvironment/apache-maven-3.9.4/repository/xalan/xalan/2.7.2/xalan-2.7.2.jar referenced one or more files that do not exist: file:/Users/wing/DevelopEnvironment/apache-maven-3.9.4/repository/xalan/xalan/2.7.2/xercesImpl.jar,file:/Users/wing/DevelopEnvironment/apache-maven-3.9.4/repository/xalan/xalan/2.7.2/xml-apis.jar,file:/Users/wing/DevelopEnvironment/apache-maven-3.9.4/repository/xalan/xalan/2.7.2/serializer.jar
2024-07-04 09:46:03.028 [restartedMain] INFO  [o.s.boot.devtools.restart.ChangeableUrls] - The Class-Path manifest attribute in /Users/wing/DevelopEnvironment/apache-maven-3.9.4/repository/xalan/serializer/2.7.2/serializer-2.7.2.jar referenced one or more files that do not exist: file:/Users/wing/DevelopEnvironment/apache-maven-3.9.4/repository/xalan/serializer/2.7.2/xml-apis.jar
2024-07-04 09:46:03.028 [restartedMain] INFO  [o.s.b.d.env.DevToolsPropertyDefaultsPostProcessor] - Devtools property defaults active! Set 'spring.devtools.add-properties' to 'false' to disable
2024-07-04 09:46:03.028 [restartedMain] INFO  [o.s.b.d.env.DevToolsPropertyDefaultsPostProcessor] - For additional web related logging consider setting the 'logging.level.web' property to 'DEBUG'
2024-07-04 09:46:03.832 [restartedMain] INFO  [o.s.boot.web.embedded.tomcat.TomcatWebServer] - Tomcat initialized with port(s): 9999 (http)
2024-07-04 09:46:03.836 [restartedMain] INFO  [org.apache.catalina.core.StandardService] - Starting service [Tomcat]
2024-07-04 09:46:03.836 [restartedMain] INFO  [org.apache.catalina.core.StandardEngine] - Starting Servlet engine: [Apache Tomcat/10.1.11]
2024-07-04 09:46:03.866 [restartedMain] INFO  [o.a.c.core.ContainerBase.[Tomcat].[localhost].[/]] - Initializing Spring embedded WebApplicationContext
2024-07-04 09:46:03.866 [restartedMain] INFO  [o.s.b.w.s.c.ServletWebServerApplicationContext] - Root WebApplicationContext: initialization completed in 838 ms
2024-07-04 09:46:11.121 [restartedMain] INFO  [o.s.scheduling.quartz.LocalDataSourceJobStore] - Using db table-based data access locking (synchronization).
2024-07-04 09:46:11.122 [restartedMain] INFO  [o.s.scheduling.quartz.LocalDataSourceJobStore] - JobStoreCMT initialized.
2024-07-04 09:46:12.002 [restartedMain] INFO  [o.s.b.actuate.endpoint.web.EndpointLinksResolver] - Exposing 1 endpoint(s) beneath base path '/actuator'
2024-07-04 09:46:12.027 [restartedMain] INFO  [o.s.security.web.DefaultSecurityFilterChain] - Will secure any request with [org.springframework.security.web.session.DisableEncodeUrlFilter@2682c9c0, org.springframework.security.web.context.request.async.WebAsyncManagerIntegrationFilter@473ba512, org.springframework.security.web.context.SecurityContextHolderFilter@35811a33, org.springframework.security.web.header.HeaderWriterFilter@1cd6ac2b, org.springframework.security.web.authentication.logout.LogoutFilter@7ef61518, com.redpig.security.filter.JwtAuthenticationTokenFilter@1ccfb99e, com.redpig.security.filter.LoginAuthenticationFilter@447c47dc, org.springframework.security.web.authentication.UsernamePasswordAuthenticationFilter@f5d5a81, org.springframework.security.web.authentication.ui.DefaultLoginPageGeneratingFilter@5b78029c, org.springframework.security.web.authentication.ui.DefaultLogoutPageGeneratingFilter@74004a5a, org.springframework.security.web.savedrequest.RequestCacheAwareFilter@7f72361f, org.springframework.security.web.servletapi.SecurityContextHolderAwareRequestFilter@29007e43, org.springframework.security.web.authentication.AnonymousAuthenticationFilter@6e8972fd, org.springframework.security.web.access.ExceptionTranslationFilter@787cfc13, org.springframework.security.web.access.intercept.AuthorizationFilter@6cd65495]
2024-07-04 09:46:12.196 [restartedMain] INFO  [o.s.b.d.autoconfigure.OptionalLiveReloadServer] - LiveReload server is running on port 35729
2024-07-04 09:46:12.242 [restartedMain] INFO  [o.s.boot.web.embedded.tomcat.TomcatWebServer] - Tomcat started on port(s): 9999 (http) with context path ''
2024-07-04 09:46:12.243 [restartedMain] INFO  [o.s.scheduling.quartz.SchedulerFactoryBean] - Starting Quartz Scheduler now
2024-07-04 09:46:12.789 [restartedMain] INFO  [o.s.scheduling.quartz.LocalDataSourceJobStore] - Freed 0 triggers from 'acquired' / 'blocked' state.
2024-07-04 09:46:12.995 [restartedMain] INFO  [o.s.scheduling.quartz.LocalDataSourceJobStore] - Recovering 0 jobs that were in-progress at the time of the last shut-down.
2024-07-04 09:46:12.996 [restartedMain] INFO  [o.s.scheduling.quartz.LocalDataSourceJobStore] - Recovery complete.
2024-07-04 09:46:13.089 [restartedMain] INFO  [o.s.scheduling.quartz.LocalDataSourceJobStore] - Removed 0 'complete' triggers.
2024-07-04 09:46:13.182 [restartedMain] INFO  [o.s.scheduling.quartz.LocalDataSourceJobStore] - Removed 0 stale fired job entries.
2024-07-04 09:46:13.604 [RMI TCP Connection(1)-127.0.0.1] INFO  [o.a.c.core.ContainerBase.[Tomcat].[localhost].[/]] - Initializing Spring DispatcherServlet 'dispatcherServlet'
2024-07-04 09:46:13.604 [RMI TCP Connection(1)-127.0.0.1] INFO  [org.springframework.web.servlet.DispatcherServlet] - Initializing Servlet 'dispatcherServlet'
2024-07-04 09:46:13.605 [RMI TCP Connection(1)-127.0.0.1] INFO  [org.springframework.web.servlet.DispatcherServlet] - Completed initialization in 1 ms
2024-07-04 09:46:22.946 [SpringApplicationShutdownHook] INFO  [o.s.scheduling.quartz.SchedulerFactoryBean] - Shutting down Quartz Scheduler
2024-07-04 09:46:24.450 [restartedMain] INFO  [o.s.boot.devtools.restart.ChangeableUrls] - The Class-Path manifest attribute in /Users/wing/DevelopEnvironment/apache-maven-3.9.4/repository/xalan/xalan/2.7.2/xalan-2.7.2.jar referenced one or more files that do not exist: file:/Users/wing/DevelopEnvironment/apache-maven-3.9.4/repository/xalan/xalan/2.7.2/xercesImpl.jar,file:/Users/wing/DevelopEnvironment/apache-maven-3.9.4/repository/xalan/xalan/2.7.2/xml-apis.jar,file:/Users/wing/DevelopEnvironment/apache-maven-3.9.4/repository/xalan/xalan/2.7.2/serializer.jar
2024-07-04 09:46:24.450 [restartedMain] INFO  [o.s.boot.devtools.restart.ChangeableUrls] - The Class-Path manifest attribute in /Users/wing/DevelopEnvironment/apache-maven-3.9.4/repository/xalan/serializer/2.7.2/serializer-2.7.2.jar referenced one or more files that do not exist: file:/Users/wing/DevelopEnvironment/apache-maven-3.9.4/repository/xalan/serializer/2.7.2/xml-apis.jar
2024-07-04 09:46:24.450 [restartedMain] INFO  [o.s.b.d.env.DevToolsPropertyDefaultsPostProcessor] - Devtools property defaults active! Set 'spring.devtools.add-properties' to 'false' to disable
2024-07-04 09:46:24.450 [restartedMain] INFO  [o.s.b.d.env.DevToolsPropertyDefaultsPostProcessor] - For additional web related logging consider setting the 'logging.level.web' property to 'DEBUG'
2024-07-04 09:46:25.350 [restartedMain] INFO  [o.s.boot.web.embedded.tomcat.TomcatWebServer] - Tomcat initialized with port(s): 9999 (http)
2024-07-04 09:46:25.355 [restartedMain] INFO  [org.apache.catalina.core.StandardService] - Starting service [Tomcat]
2024-07-04 09:46:25.355 [restartedMain] INFO  [org.apache.catalina.core.StandardEngine] - Starting Servlet engine: [Apache Tomcat/10.1.11]
2024-07-04 09:46:25.383 [restartedMain] INFO  [o.a.c.core.ContainerBase.[Tomcat].[localhost].[/]] - Initializing Spring embedded WebApplicationContext
2024-07-04 09:46:25.383 [restartedMain] INFO  [o.s.b.w.s.c.ServletWebServerApplicationContext] - Root WebApplicationContext: initialization completed in 933 ms
2024-07-04 10:18:13.581 [restartedMain] INFO  [o.s.scheduling.quartz.LocalDataSourceJobStore] - Using db table-based data access locking (synchronization).
2024-07-04 10:18:13.582 [restartedMain] INFO  [o.s.scheduling.quartz.LocalDataSourceJobStore] - JobStoreCMT initialized.
2024-07-04 10:18:14.508 [restartedMain] INFO  [o.s.b.actuate.endpoint.web.EndpointLinksResolver] - Exposing 1 endpoint(s) beneath base path '/actuator'
2024-07-04 10:18:14.535 [restartedMain] INFO  [o.s.security.web.DefaultSecurityFilterChain] - Will secure any request with [org.springframework.security.web.session.DisableEncodeUrlFilter@6611153f, org.springframework.security.web.context.request.async.WebAsyncManagerIntegrationFilter@7a85fce2, org.springframework.security.web.context.SecurityContextHolderFilter@785b9984, org.springframework.security.web.header.HeaderWriterFilter@4b46790a, org.springframework.security.web.authentication.logout.LogoutFilter@4d15e7c4, com.redpig.security.filter.JwtAuthenticationTokenFilter@13451a71, com.redpig.security.filter.LoginAuthenticationFilter@5847c8ea, org.springframework.security.web.authentication.UsernamePasswordAuthenticationFilter@7ab40034, org.springframework.security.web.authentication.ui.DefaultLoginPageGeneratingFilter@4b4d056f, org.springframework.security.web.authentication.ui.DefaultLogoutPageGeneratingFilter@36118630, org.springframework.security.web.savedrequest.RequestCacheAwareFilter@13cc28f8, org.springframework.security.web.servletapi.SecurityContextHolderAwareRequestFilter@228ce2ef, org.springframework.security.web.authentication.AnonymousAuthenticationFilter@63a60efc, org.springframework.security.web.access.ExceptionTranslationFilter@5e82ea34, org.springframework.security.web.access.intercept.AuthorizationFilter@3c571bb6]
2024-07-04 10:18:14.718 [restartedMain] INFO  [o.s.b.d.autoconfigure.OptionalLiveReloadServer] - LiveReload server is running on port 35729
2024-07-04 10:18:14.768 [restartedMain] INFO  [o.s.boot.web.embedded.tomcat.TomcatWebServer] - Tomcat started on port(s): 9999 (http) with context path ''
2024-07-04 10:18:14.769 [restartedMain] INFO  [o.s.scheduling.quartz.SchedulerFactoryBean] - Starting Quartz Scheduler now
2024-07-04 10:18:15.290 [restartedMain] INFO  [o.s.scheduling.quartz.LocalDataSourceJobStore] - Freed 0 triggers from 'acquired' / 'blocked' state.
2024-07-04 10:18:15.517 [restartedMain] INFO  [o.s.scheduling.quartz.LocalDataSourceJobStore] - Recovering 0 jobs that were in-progress at the time of the last shut-down.
2024-07-04 10:18:15.517 [restartedMain] INFO  [o.s.scheduling.quartz.LocalDataSourceJobStore] - Recovery complete.
2024-07-04 10:18:15.617 [restartedMain] INFO  [o.s.scheduling.quartz.LocalDataSourceJobStore] - Removed 0 'complete' triggers.
2024-07-04 10:18:15.717 [restartedMain] INFO  [o.s.scheduling.quartz.LocalDataSourceJobStore] - Removed 0 stale fired job entries.
2024-07-04 10:18:15.942 [SpringApplicationShutdownHook] INFO  [o.s.scheduling.quartz.SchedulerFactoryBean] - Shutting down Quartz Scheduler
2024-07-04 10:18:38.666 [restartedMain] INFO  [o.s.boot.devtools.restart.ChangeableUrls] - The Class-Path manifest attribute in /Users/wing/DevelopEnvironment/apache-maven-3.9.4/repository/xalan/xalan/2.7.2/xalan-2.7.2.jar referenced one or more files that do not exist: file:/Users/wing/DevelopEnvironment/apache-maven-3.9.4/repository/xalan/xalan/2.7.2/xercesImpl.jar,file:/Users/wing/DevelopEnvironment/apache-maven-3.9.4/repository/xalan/xalan/2.7.2/xml-apis.jar,file:/Users/wing/DevelopEnvironment/apache-maven-3.9.4/repository/xalan/xalan/2.7.2/serializer.jar
2024-07-04 10:18:38.667 [restartedMain] INFO  [o.s.boot.devtools.restart.ChangeableUrls] - The Class-Path manifest attribute in /Users/wing/DevelopEnvironment/apache-maven-3.9.4/repository/xalan/serializer/2.7.2/serializer-2.7.2.jar referenced one or more files that do not exist: file:/Users/wing/DevelopEnvironment/apache-maven-3.9.4/repository/xalan/serializer/2.7.2/xml-apis.jar
2024-07-04 10:18:38.667 [restartedMain] INFO  [o.s.b.d.env.DevToolsPropertyDefaultsPostProcessor] - Devtools property defaults active! Set 'spring.devtools.add-properties' to 'false' to disable
2024-07-04 10:18:38.667 [restartedMain] INFO  [o.s.b.d.env.DevToolsPropertyDefaultsPostProcessor] - For additional web related logging consider setting the 'logging.level.web' property to 'DEBUG'
2024-07-04 10:18:39.471 [restartedMain] INFO  [o.s.boot.web.embedded.tomcat.TomcatWebServer] - Tomcat initialized with port(s): 9999 (http)
2024-07-04 10:18:39.475 [restartedMain] INFO  [org.apache.catalina.core.StandardService] - Starting service [Tomcat]
2024-07-04 10:18:39.475 [restartedMain] INFO  [org.apache.catalina.core.StandardEngine] - Starting Servlet engine: [Apache Tomcat/10.1.11]
2024-07-04 10:18:39.505 [restartedMain] INFO  [o.a.c.core.ContainerBase.[Tomcat].[localhost].[/]] - Initializing Spring embedded WebApplicationContext
2024-07-04 10:18:39.506 [restartedMain] INFO  [o.s.b.w.s.c.ServletWebServerApplicationContext] - Root WebApplicationContext: initialization completed in 838 ms
2024-07-04 10:18:47.143 [restartedMain] INFO  [o.s.scheduling.quartz.LocalDataSourceJobStore] - Using db table-based data access locking (synchronization).
2024-07-04 10:18:47.146 [restartedMain] INFO  [o.s.scheduling.quartz.LocalDataSourceJobStore] - JobStoreCMT initialized.
2024-07-04 10:18:47.991 [restartedMain] INFO  [o.s.b.actuate.endpoint.web.EndpointLinksResolver] - Exposing 1 endpoint(s) beneath base path '/actuator'
2024-07-04 10:18:48.015 [restartedMain] INFO  [o.s.security.web.DefaultSecurityFilterChain] - Will secure any request with [org.springframework.security.web.session.DisableEncodeUrlFilter@72d0044, org.springframework.security.web.context.request.async.WebAsyncManagerIntegrationFilter@55a6c628, org.springframework.security.web.context.SecurityContextHolderFilter@7cf2074c, org.springframework.security.web.header.HeaderWriterFilter@3ff8decf, org.springframework.security.web.authentication.logout.LogoutFilter@4af29ec1, com.redpig.security.filter.JwtAuthenticationTokenFilter@d9c2f70, com.redpig.security.filter.LoginAuthenticationFilter@735c7a0f, org.springframework.security.web.authentication.UsernamePasswordAuthenticationFilter@f5390de, org.springframework.security.web.authentication.ui.DefaultLoginPageGeneratingFilter@45c7c603, org.springframework.security.web.authentication.ui.DefaultLogoutPageGeneratingFilter@1c1c6b00, org.springframework.security.web.savedrequest.RequestCacheAwareFilter@76e2ffd7, org.springframework.security.web.servletapi.SecurityContextHolderAwareRequestFilter@1a7cdf46, org.springframework.security.web.authentication.AnonymousAuthenticationFilter@7f68692d, org.springframework.security.web.access.ExceptionTranslationFilter@1d78bf8e, org.springframework.security.web.access.intercept.AuthorizationFilter@2189bd22]
2024-07-04 10:18:48.171 [restartedMain] INFO  [o.s.b.d.autoconfigure.OptionalLiveReloadServer] - LiveReload server is running on port 35729
2024-07-04 10:18:48.215 [restartedMain] INFO  [o.s.boot.web.embedded.tomcat.TomcatWebServer] - Tomcat started on port(s): 9999 (http) with context path ''
2024-07-04 10:18:48.215 [restartedMain] INFO  [o.s.scheduling.quartz.SchedulerFactoryBean] - Starting Quartz Scheduler now
2024-07-04 10:18:48.767 [restartedMain] INFO  [o.s.scheduling.quartz.LocalDataSourceJobStore] - Freed 0 triggers from 'acquired' / 'blocked' state.
2024-07-04 10:18:49.032 [restartedMain] INFO  [o.s.scheduling.quartz.LocalDataSourceJobStore] - Recovering 0 jobs that were in-progress at the time of the last shut-down.
2024-07-04 10:18:49.033 [restartedMain] INFO  [o.s.scheduling.quartz.LocalDataSourceJobStore] - Recovery complete.
2024-07-04 10:18:49.127 [restartedMain] INFO  [o.s.scheduling.quartz.LocalDataSourceJobStore] - Removed 0 'complete' triggers.
2024-07-04 10:18:49.219 [restartedMain] INFO  [o.s.scheduling.quartz.LocalDataSourceJobStore] - Removed 0 stale fired job entries.
2024-07-04 10:18:49.961 [RMI TCP Connection(3)-127.0.0.1] INFO  [o.a.c.core.ContainerBase.[Tomcat].[localhost].[/]] - Initializing Spring DispatcherServlet 'dispatcherServlet'
2024-07-04 10:18:49.961 [RMI TCP Connection(3)-127.0.0.1] INFO  [org.springframework.web.servlet.DispatcherServlet] - Initializing Servlet 'dispatcherServlet'
2024-07-04 10:18:49.962 [RMI TCP Connection(3)-127.0.0.1] INFO  [org.springframework.web.servlet.DispatcherServlet] - Completed initialization in 1 ms
2024-07-04 10:19:34.498 [SpringApplicationShutdownHook] INFO  [o.s.scheduling.quartz.SchedulerFactoryBean] - Shutting down Quartz Scheduler
2024-07-04 10:19:37.191 [restartedMain] INFO  [o.s.boot.devtools.restart.ChangeableUrls] - The Class-Path manifest attribute in /Users/wing/DevelopEnvironment/apache-maven-3.9.4/repository/xalan/xalan/2.7.2/xalan-2.7.2.jar referenced one or more files that do not exist: file:/Users/wing/DevelopEnvironment/apache-maven-3.9.4/repository/xalan/xalan/2.7.2/xercesImpl.jar,file:/Users/wing/DevelopEnvironment/apache-maven-3.9.4/repository/xalan/xalan/2.7.2/xml-apis.jar,file:/Users/wing/DevelopEnvironment/apache-maven-3.9.4/repository/xalan/xalan/2.7.2/serializer.jar
2024-07-04 10:19:37.191 [restartedMain] INFO  [o.s.boot.devtools.restart.ChangeableUrls] - The Class-Path manifest attribute in /Users/wing/DevelopEnvironment/apache-maven-3.9.4/repository/xalan/serializer/2.7.2/serializer-2.7.2.jar referenced one or more files that do not exist: file:/Users/wing/DevelopEnvironment/apache-maven-3.9.4/repository/xalan/serializer/2.7.2/xml-apis.jar
2024-07-04 10:19:37.191 [restartedMain] INFO  [o.s.b.d.env.DevToolsPropertyDefaultsPostProcessor] - Devtools property defaults active! Set 'spring.devtools.add-properties' to 'false' to disable
2024-07-04 10:19:37.191 [restartedMain] INFO  [o.s.b.d.env.DevToolsPropertyDefaultsPostProcessor] - For additional web related logging consider setting the 'logging.level.web' property to 'DEBUG'
2024-07-04 10:19:38.019 [restartedMain] INFO  [o.s.boot.web.embedded.tomcat.TomcatWebServer] - Tomcat initialized with port(s): 9999 (http)
2024-07-04 10:19:38.023 [restartedMain] INFO  [org.apache.catalina.core.StandardService] - Starting service [Tomcat]
2024-07-04 10:19:38.023 [restartedMain] INFO  [org.apache.catalina.core.StandardEngine] - Starting Servlet engine: [Apache Tomcat/10.1.11]
2024-07-04 10:19:38.048 [restartedMain] INFO  [o.a.c.core.ContainerBase.[Tomcat].[localhost].[/]] - Initializing Spring embedded WebApplicationContext
2024-07-04 10:19:38.048 [restartedMain] INFO  [o.s.b.w.s.c.ServletWebServerApplicationContext] - Root WebApplicationContext: initialization completed in 857 ms
2024-07-04 10:19:45.849 [restartedMain] INFO  [o.s.scheduling.quartz.LocalDataSourceJobStore] - Using db table-based data access locking (synchronization).
2024-07-04 10:19:45.850 [restartedMain] INFO  [o.s.scheduling.quartz.LocalDataSourceJobStore] - JobStoreCMT initialized.
2024-07-04 10:19:46.756 [restartedMain] INFO  [o.s.b.actuate.endpoint.web.EndpointLinksResolver] - Exposing 1 endpoint(s) beneath base path '/actuator'
2024-07-04 10:19:46.784 [restartedMain] INFO  [o.s.security.web.DefaultSecurityFilterChain] - Will secure any request with [org.springframework.security.web.session.DisableEncodeUrlFilter@491d7e3a, org.springframework.security.web.context.request.async.WebAsyncManagerIntegrationFilter@427d0a7c, org.springframework.security.web.context.SecurityContextHolderFilter@d4faaba, org.springframework.security.web.header.HeaderWriterFilter@15400a27, org.springframework.security.web.authentication.logout.LogoutFilter@1f933ddf, com.redpig.security.filter.JwtAuthenticationTokenFilter@30b7437b, com.redpig.security.filter.LoginAuthenticationFilter@4049e713, org.springframework.security.web.authentication.UsernamePasswordAuthenticationFilter@a2c5336, org.springframework.security.web.authentication.ui.DefaultLoginPageGeneratingFilter@65f1bb49, org.springframework.security.web.authentication.ui.DefaultLogoutPageGeneratingFilter@6207ad8e, org.springframework.security.web.savedrequest.RequestCacheAwareFilter@4cfd3ea, org.springframework.security.web.servletapi.SecurityContextHolderAwareRequestFilter@7ef9ace1, org.springframework.security.web.authentication.AnonymousAuthenticationFilter@48037558, org.springframework.security.web.access.ExceptionTranslationFilter@6562a5a, org.springframework.security.web.access.intercept.AuthorizationFilter@1a759d5c]
2024-07-04 10:19:46.973 [restartedMain] INFO  [o.s.b.d.autoconfigure.OptionalLiveReloadServer] - LiveReload server is running on port 35729
2024-07-04 10:19:47.022 [restartedMain] INFO  [o.s.boot.web.embedded.tomcat.TomcatWebServer] - Tomcat started on port(s): 9999 (http) with context path ''
2024-07-04 10:19:47.022 [restartedMain] INFO  [o.s.scheduling.quartz.SchedulerFactoryBean] - Starting Quartz Scheduler now
2024-07-04 10:19:47.561 [restartedMain] INFO  [o.s.scheduling.quartz.LocalDataSourceJobStore] - Freed 0 triggers from 'acquired' / 'blocked' state.
2024-07-04 10:19:47.825 [restartedMain] INFO  [o.s.scheduling.quartz.LocalDataSourceJobStore] - Recovering 0 jobs that were in-progress at the time of the last shut-down.
2024-07-04 10:19:47.825 [restartedMain] INFO  [o.s.scheduling.quartz.LocalDataSourceJobStore] - Recovery complete.
2024-07-04 10:19:47.940 [restartedMain] INFO  [o.s.scheduling.quartz.LocalDataSourceJobStore] - Removed 0 'complete' triggers.
2024-07-04 10:19:48.050 [restartedMain] INFO  [o.s.scheduling.quartz.LocalDataSourceJobStore] - Removed 0 stale fired job entries.
2024-07-04 10:20:10.900 [RMI TCP Connection(3)-127.0.0.1] INFO  [o.a.c.core.ContainerBase.[Tomcat].[localhost].[/]] - Initializing Spring DispatcherServlet 'dispatcherServlet'
2024-07-04 10:20:10.901 [RMI TCP Connection(3)-127.0.0.1] INFO  [org.springframework.web.servlet.DispatcherServlet] - Initializing Servlet 'dispatcherServlet'
2024-07-04 10:20:10.902 [RMI TCP Connection(3)-127.0.0.1] INFO  [org.springframework.web.servlet.DispatcherServlet] - Completed initialization in 1 ms
2024-07-04 10:20:41.055 [File Watcher] INFO  [o.s.b.d.a.LocalDevToolsAutoConfiguration$RestartingClassPathChangeChangedEventListener] - Restarting due to 190 class path changes (0 additions, 190 deletions, 0 modifications)
2024-07-04 10:20:41.059 [Thread-5] INFO  [org.apache.catalina.core.StandardService] - Stopping service [Tomcat]
2024-07-04 10:20:41.060 [Thread-5] INFO  [o.a.c.core.ContainerBase.[Tomcat].[localhost].[/]] - Destroying Spring FrameworkServlet 'dispatcherServlet'
2024-07-04 10:20:41.065 [Thread-5] INFO  [o.s.scheduling.quartz.SchedulerFactoryBean] - Shutting down Quartz Scheduler
2024-07-04 10:20:47.618 [restartedMain] INFO  [o.s.boot.web.embedded.tomcat.TomcatWebServer] - Tomcat initialized with port(s): 9999 (http)
2024-07-04 10:20:47.618 [restartedMain] INFO  [org.apache.catalina.core.StandardService] - Starting service [Tomcat]
2024-07-04 10:20:47.619 [restartedMain] INFO  [org.apache.catalina.core.StandardEngine] - Starting Servlet engine: [Apache Tomcat/10.1.11]
2024-07-04 10:20:47.625 [restartedMain] INFO  [o.a.c.c.ContainerBase.[Tomcat-1].[localhost].[/]] - Initializing Spring embedded WebApplicationContext
2024-07-04 10:20:47.625 [restartedMain] INFO  [o.s.b.w.s.c.ServletWebServerApplicationContext] - Root WebApplicationContext: initialization completed in 165 ms
2024-07-04 10:20:47.844 [restartedMain] INFO  [org.apache.catalina.core.StandardService] - Stopping service [Tomcat]
2024-07-04 10:20:47.850 [restartedMain] INFO  [o.s.b.a.logging.ConditionEvaluationReportLogger] - 

Error starting ApplicationContext. To display the condition evaluation report re-run your application with 'debug' enabled.
2024-07-04 10:20:49.522 [restartedMain] INFO  [o.s.boot.web.embedded.tomcat.TomcatWebServer] - Tomcat initialized with port(s): 9999 (http)
2024-07-04 10:20:49.522 [restartedMain] INFO  [org.apache.catalina.core.StandardService] - Starting service [Tomcat]
2024-07-04 10:20:49.522 [restartedMain] INFO  [org.apache.catalina.core.StandardEngine] - Starting Servlet engine: [Apache Tomcat/10.1.11]
2024-07-04 10:20:49.529 [restartedMain] INFO  [o.a.c.c.ContainerBase.[Tomcat-2].[localhost].[/]] - Initializing Spring embedded WebApplicationContext
2024-07-04 10:20:49.529 [restartedMain] INFO  [o.s.b.w.s.c.ServletWebServerApplicationContext] - Root WebApplicationContext: initialization completed in 224 ms
2024-07-04 10:21:07.574 [main] INFO  [o.s.boot.web.embedded.tomcat.TomcatWebServer] - Tomcat initialized with port(s): 9999 (http)
2024-07-04 10:21:07.580 [main] INFO  [org.apache.catalina.core.StandardService] - Starting service [Tomcat]
2024-07-04 10:21:07.580 [main] INFO  [org.apache.catalina.core.StandardEngine] - Starting Servlet engine: [Apache Tomcat/10.1.11]
2024-07-04 10:21:07.632 [main] INFO  [o.a.c.core.ContainerBase.[Tomcat].[localhost].[/]] - Initializing Spring embedded WebApplicationContext
2024-07-04 10:21:07.633 [main] INFO  [o.s.b.w.s.c.ServletWebServerApplicationContext] - Root WebApplicationContext: initialization completed in 1151 ms
2024-07-04 10:21:15.173 [main] INFO  [o.s.scheduling.quartz.LocalDataSourceJobStore] - Using db table-based data access locking (synchronization).
2024-07-04 10:21:15.175 [main] INFO  [o.s.scheduling.quartz.LocalDataSourceJobStore] - JobStoreCMT initialized.
2024-07-04 10:21:16.360 [main] INFO  [o.s.b.actuate.endpoint.web.EndpointLinksResolver] - Exposing 1 endpoint(s) beneath base path '/actuator'
2024-07-04 10:21:16.386 [main] INFO  [o.s.security.web.DefaultSecurityFilterChain] - Will secure any request with [org.springframework.security.web.session.DisableEncodeUrlFilter@76ff68c5, org.springframework.security.web.context.request.async.WebAsyncManagerIntegrationFilter@6418e39e, org.springframework.security.web.context.SecurityContextHolderFilter@1536ea40, org.springframework.security.web.header.HeaderWriterFilter@1c57f6b2, org.springframework.security.web.authentication.logout.LogoutFilter@4a50d04a, com.redpig.security.filter.JwtAuthenticationTokenFilter@3635099, com.redpig.security.filter.LoginAuthenticationFilter@1da1380b, org.springframework.security.web.authentication.UsernamePasswordAuthenticationFilter@472d0f4, org.springframework.security.web.authentication.ui.DefaultLoginPageGeneratingFilter@5a1f778, org.springframework.security.web.authentication.ui.DefaultLogoutPageGeneratingFilter@1095d23a, org.springframework.security.web.savedrequest.RequestCacheAwareFilter@7792d851, org.springframework.security.web.servletapi.SecurityContextHolderAwareRequestFilter@7e1ffe70, org.springframework.security.web.authentication.AnonymousAuthenticationFilter@3332c7a5, org.springframework.security.web.access.ExceptionTranslationFilter@494c8f29, org.springframework.security.web.access.intercept.AuthorizationFilter@8a6631b]
2024-07-04 10:21:16.607 [main] INFO  [o.s.boot.web.embedded.tomcat.TomcatWebServer] - Tomcat started on port(s): 9999 (http) with context path ''
2024-07-04 10:21:16.608 [main] INFO  [o.s.scheduling.quartz.SchedulerFactoryBean] - Starting Quartz Scheduler now
2024-07-04 10:21:17.073 [main] INFO  [o.s.scheduling.quartz.LocalDataSourceJobStore] - Freed 0 triggers from 'acquired' / 'blocked' state.
2024-07-04 10:21:17.269 [main] INFO  [o.s.scheduling.quartz.LocalDataSourceJobStore] - Recovering 0 jobs that were in-progress at the time of the last shut-down.
2024-07-04 10:21:17.270 [main] INFO  [o.s.scheduling.quartz.LocalDataSourceJobStore] - Recovery complete.
2024-07-04 10:21:17.373 [main] INFO  [o.s.scheduling.quartz.LocalDataSourceJobStore] - Removed 0 'complete' triggers.
2024-07-04 10:21:17.480 [main] INFO  [o.s.scheduling.quartz.LocalDataSourceJobStore] - Removed 0 stale fired job entries.
2024-07-04 10:21:24.557 [SpringApplicationShutdownHook] INFO  [o.s.scheduling.quartz.SchedulerFactoryBean] - Shutting down Quartz Scheduler
2024-07-04 11:03:42.944 [restartedMain] INFO  [o.s.boot.devtools.restart.ChangeableUrls] - The Class-Path manifest attribute in /Users/wing/DevelopEnvironment/apache-maven-3.9.4/repository/xalan/xalan/2.7.2/xalan-2.7.2.jar referenced one or more files that do not exist: file:/Users/wing/DevelopEnvironment/apache-maven-3.9.4/repository/xalan/xalan/2.7.2/xercesImpl.jar,file:/Users/wing/DevelopEnvironment/apache-maven-3.9.4/repository/xalan/xalan/2.7.2/xml-apis.jar,file:/Users/wing/DevelopEnvironment/apache-maven-3.9.4/repository/xalan/xalan/2.7.2/serializer.jar
2024-07-04 11:03:42.945 [restartedMain] INFO  [o.s.boot.devtools.restart.ChangeableUrls] - The Class-Path manifest attribute in /Users/wing/DevelopEnvironment/apache-maven-3.9.4/repository/xalan/serializer/2.7.2/serializer-2.7.2.jar referenced one or more files that do not exist: file:/Users/wing/DevelopEnvironment/apache-maven-3.9.4/repository/xalan/serializer/2.7.2/xml-apis.jar
2024-07-04 11:03:42.945 [restartedMain] INFO  [o.s.b.d.env.DevToolsPropertyDefaultsPostProcessor] - Devtools property defaults active! Set 'spring.devtools.add-properties' to 'false' to disable
2024-07-04 11:03:42.945 [restartedMain] INFO  [o.s.b.d.env.DevToolsPropertyDefaultsPostProcessor] - For additional web related logging consider setting the 'logging.level.web' property to 'DEBUG'
2024-07-04 11:03:43.756 [restartedMain] INFO  [o.s.boot.web.embedded.tomcat.TomcatWebServer] - Tomcat initialized with port(s): 9999 (http)
2024-07-04 11:03:43.760 [restartedMain] INFO  [org.apache.catalina.core.StandardService] - Starting service [Tomcat]
2024-07-04 11:03:43.760 [restartedMain] INFO  [org.apache.catalina.core.StandardEngine] - Starting Servlet engine: [Apache Tomcat/10.1.11]
2024-07-04 11:03:43.787 [restartedMain] INFO  [o.a.c.core.ContainerBase.[Tomcat].[localhost].[/]] - Initializing Spring embedded WebApplicationContext
2024-07-04 11:03:43.788 [restartedMain] INFO  [o.s.b.w.s.c.ServletWebServerApplicationContext] - Root WebApplicationContext: initialization completed in 843 ms
2024-07-04 11:03:52.188 [restartedMain] INFO  [o.s.scheduling.quartz.LocalDataSourceJobStore] - Using db table-based data access locking (synchronization).
2024-07-04 11:03:52.191 [restartedMain] INFO  [o.s.scheduling.quartz.LocalDataSourceJobStore] - JobStoreCMT initialized.
2024-07-04 11:03:53.074 [restartedMain] INFO  [o.s.b.actuate.endpoint.web.EndpointLinksResolver] - Exposing 1 endpoint(s) beneath base path '/actuator'
2024-07-04 11:03:53.098 [restartedMain] INFO  [o.s.security.web.DefaultSecurityFilterChain] - Will secure any request with [org.springframework.security.web.session.DisableEncodeUrlFilter@16404d40, org.springframework.security.web.context.request.async.WebAsyncManagerIntegrationFilter@3ba4771, org.springframework.security.web.context.SecurityContextHolderFilter@60f7cc90, org.springframework.security.web.header.HeaderWriterFilter@3827fe94, org.springframework.security.web.authentication.logout.LogoutFilter@136bfa07, com.redpig.security.filter.JwtAuthenticationTokenFilter@19ad08ae, com.redpig.security.filter.LoginAuthenticationFilter@4dcf3910, org.springframework.security.web.authentication.UsernamePasswordAuthenticationFilter@2c703234, org.springframework.security.web.authentication.ui.DefaultLoginPageGeneratingFilter@230b1b5f, org.springframework.security.web.authentication.ui.DefaultLogoutPageGeneratingFilter@597157a4, org.springframework.security.web.savedrequest.RequestCacheAwareFilter@383d60b, org.springframework.security.web.servletapi.SecurityContextHolderAwareRequestFilter@45a8b335, org.springframework.security.web.authentication.AnonymousAuthenticationFilter@8a10234, org.springframework.security.web.access.ExceptionTranslationFilter@6fefd3e0, org.springframework.security.web.access.intercept.AuthorizationFilter@658ba54]
2024-07-04 11:03:53.273 [restartedMain] INFO  [o.s.b.d.autoconfigure.OptionalLiveReloadServer] - LiveReload server is running on port 35729
2024-07-04 11:03:53.320 [restartedMain] INFO  [o.s.boot.web.embedded.tomcat.TomcatWebServer] - Tomcat started on port(s): 9999 (http) with context path ''
2024-07-04 11:03:53.320 [restartedMain] INFO  [o.s.scheduling.quartz.SchedulerFactoryBean] - Starting Quartz Scheduler now
2024-07-04 11:03:53.909 [restartedMain] INFO  [o.s.scheduling.quartz.LocalDataSourceJobStore] - Freed 0 triggers from 'acquired' / 'blocked' state.
2024-07-04 11:03:54.146 [restartedMain] INFO  [o.s.scheduling.quartz.LocalDataSourceJobStore] - Recovering 0 jobs that were in-progress at the time of the last shut-down.
2024-07-04 11:03:54.146 [restartedMain] INFO  [o.s.scheduling.quartz.LocalDataSourceJobStore] - Recovery complete.
2024-07-04 11:03:54.335 [restartedMain] INFO  [o.s.scheduling.quartz.LocalDataSourceJobStore] - Removed 0 'complete' triggers.
2024-07-04 11:03:54.454 [restartedMain] INFO  [o.s.scheduling.quartz.LocalDataSourceJobStore] - Removed 0 stale fired job entries.
2024-07-04 11:03:54.998 [RMI TCP Connection(3)-127.0.0.1] INFO  [o.a.c.core.ContainerBase.[Tomcat].[localhost].[/]] - Initializing Spring DispatcherServlet 'dispatcherServlet'
2024-07-04 11:03:54.998 [RMI TCP Connection(3)-127.0.0.1] INFO  [org.springframework.web.servlet.DispatcherServlet] - Initializing Servlet 'dispatcherServlet'
2024-07-04 11:03:54.998 [RMI TCP Connection(3)-127.0.0.1] INFO  [org.springframework.web.servlet.DispatcherServlet] - Completed initialization in 0 ms
2024-07-04 12:07:35.209 [SpringApplicationShutdownHook] INFO  [o.s.scheduling.quartz.SchedulerFactoryBean] - Shutting down Quartz Scheduler
2024-07-04 12:20:47.787 [restartedMain] INFO  [o.s.boot.devtools.restart.ChangeableUrls] - The Class-Path manifest attribute in /Users/wing/DevelopEnvironment/apache-maven-3.9.4/repository/xalan/xalan/2.7.2/xalan-2.7.2.jar referenced one or more files that do not exist: file:/Users/wing/DevelopEnvironment/apache-maven-3.9.4/repository/xalan/xalan/2.7.2/xercesImpl.jar,file:/Users/wing/DevelopEnvironment/apache-maven-3.9.4/repository/xalan/xalan/2.7.2/xml-apis.jar,file:/Users/wing/DevelopEnvironment/apache-maven-3.9.4/repository/xalan/xalan/2.7.2/serializer.jar
2024-07-04 12:20:47.788 [restartedMain] INFO  [o.s.boot.devtools.restart.ChangeableUrls] - The Class-Path manifest attribute in /Users/wing/DevelopEnvironment/apache-maven-3.9.4/repository/xalan/serializer/2.7.2/serializer-2.7.2.jar referenced one or more files that do not exist: file:/Users/wing/DevelopEnvironment/apache-maven-3.9.4/repository/xalan/serializer/2.7.2/xml-apis.jar
2024-07-04 12:20:47.788 [restartedMain] INFO  [o.s.b.d.env.DevToolsPropertyDefaultsPostProcessor] - Devtools property defaults active! Set 'spring.devtools.add-properties' to 'false' to disable
2024-07-04 12:20:47.788 [restartedMain] INFO  [o.s.b.d.env.DevToolsPropertyDefaultsPostProcessor] - For additional web related logging consider setting the 'logging.level.web' property to 'DEBUG'
2024-07-04 12:20:48.666 [restartedMain] INFO  [o.s.boot.web.embedded.tomcat.TomcatWebServer] - Tomcat initialized with port(s): 9999 (http)
2024-07-04 12:20:48.670 [restartedMain] INFO  [org.apache.catalina.core.StandardService] - Starting service [Tomcat]
2024-07-04 12:20:48.670 [restartedMain] INFO  [org.apache.catalina.core.StandardEngine] - Starting Servlet engine: [Apache Tomcat/10.1.11]
2024-07-04 12:20:48.697 [restartedMain] INFO  [o.a.c.core.ContainerBase.[Tomcat].[localhost].[/]] - Initializing Spring embedded WebApplicationContext
2024-07-04 12:20:48.697 [restartedMain] INFO  [o.s.b.w.s.c.ServletWebServerApplicationContext] - Root WebApplicationContext: initialization completed in 909 ms
2024-07-04 12:20:55.625 [restartedMain] INFO  [o.s.scheduling.quartz.LocalDataSourceJobStore] - Using db table-based data access locking (synchronization).
2024-07-04 12:20:55.627 [restartedMain] INFO  [o.s.scheduling.quartz.LocalDataSourceJobStore] - JobStoreCMT initialized.
2024-07-04 12:20:56.427 [restartedMain] INFO  [o.s.b.actuate.endpoint.web.EndpointLinksResolver] - Exposing 1 endpoint(s) beneath base path '/actuator'
2024-07-04 12:20:56.450 [restartedMain] INFO  [o.s.security.web.DefaultSecurityFilterChain] - Will secure any request with [org.springframework.security.web.session.DisableEncodeUrlFilter@246d74b8, org.springframework.security.web.context.request.async.WebAsyncManagerIntegrationFilter@6a49b7f4, org.springframework.security.web.context.SecurityContextHolderFilter@2bd44887, org.springframework.security.web.header.HeaderWriterFilter@509be00c, org.springframework.security.web.authentication.logout.LogoutFilter@67afcf69, com.redpig.security.filter.JwtAuthenticationTokenFilter@3fde29de, com.redpig.security.filter.LoginAuthenticationFilter@31506556, org.springframework.security.web.authentication.UsernamePasswordAuthenticationFilter@20b9a853, org.springframework.security.web.authentication.ui.DefaultLoginPageGeneratingFilter@63423c38, org.springframework.security.web.authentication.ui.DefaultLogoutPageGeneratingFilter@7ed70f70, org.springframework.security.web.savedrequest.RequestCacheAwareFilter@1c66f924, org.springframework.security.web.servletapi.SecurityContextHolderAwareRequestFilter@35cbf5ad, org.springframework.security.web.authentication.AnonymousAuthenticationFilter@5986f149, org.springframework.security.web.access.ExceptionTranslationFilter@483789fb, org.springframework.security.web.access.intercept.AuthorizationFilter@1ccefd7b]
2024-07-04 12:20:56.630 [restartedMain] INFO  [o.s.b.d.autoconfigure.OptionalLiveReloadServer] - LiveReload server is running on port 35729
2024-07-04 12:20:56.682 [restartedMain] INFO  [o.s.boot.web.embedded.tomcat.TomcatWebServer] - Tomcat started on port(s): 9999 (http) with context path ''
2024-07-04 12:20:56.683 [restartedMain] INFO  [o.s.scheduling.quartz.SchedulerFactoryBean] - Starting Quartz Scheduler now
2024-07-04 12:20:57.152 [restartedMain] INFO  [o.s.scheduling.quartz.LocalDataSourceJobStore] - Freed 0 triggers from 'acquired' / 'blocked' state.
2024-07-04 12:20:57.373 [restartedMain] INFO  [o.s.scheduling.quartz.LocalDataSourceJobStore] - Recovering 0 jobs that were in-progress at the time of the last shut-down.
2024-07-04 12:20:57.374 [restartedMain] INFO  [o.s.scheduling.quartz.LocalDataSourceJobStore] - Recovery complete.
2024-07-04 12:20:57.458 [restartedMain] INFO  [o.s.scheduling.quartz.LocalDataSourceJobStore] - Removed 0 'complete' triggers.
2024-07-04 12:20:57.550 [restartedMain] INFO  [o.s.scheduling.quartz.LocalDataSourceJobStore] - Removed 0 stale fired job entries.
2024-07-04 12:20:58.254 [RMI TCP Connection(2)-127.0.0.1] INFO  [o.a.c.core.ContainerBase.[Tomcat].[localhost].[/]] - Initializing Spring DispatcherServlet 'dispatcherServlet'
2024-07-04 12:20:58.254 [RMI TCP Connection(2)-127.0.0.1] INFO  [org.springframework.web.servlet.DispatcherServlet] - Initializing Servlet 'dispatcherServlet'
2024-07-04 12:20:58.255 [RMI TCP Connection(2)-127.0.0.1] INFO  [org.springframework.web.servlet.DispatcherServlet] - Completed initialization in 1 ms
2024-07-04 12:23:13.238 [SpringApplicationShutdownHook] INFO  [o.s.scheduling.quartz.SchedulerFactoryBean] - Shutting down Quartz Scheduler
2024-07-04 12:23:14.626 [restartedMain] INFO  [o.s.boot.devtools.restart.ChangeableUrls] - The Class-Path manifest attribute in /Users/wing/DevelopEnvironment/apache-maven-3.9.4/repository/xalan/xalan/2.7.2/xalan-2.7.2.jar referenced one or more files that do not exist: file:/Users/wing/DevelopEnvironment/apache-maven-3.9.4/repository/xalan/xalan/2.7.2/xercesImpl.jar,file:/Users/wing/DevelopEnvironment/apache-maven-3.9.4/repository/xalan/xalan/2.7.2/xml-apis.jar,file:/Users/wing/DevelopEnvironment/apache-maven-3.9.4/repository/xalan/xalan/2.7.2/serializer.jar
2024-07-04 12:23:14.626 [restartedMain] INFO  [o.s.boot.devtools.restart.ChangeableUrls] - The Class-Path manifest attribute in /Users/wing/DevelopEnvironment/apache-maven-3.9.4/repository/xalan/serializer/2.7.2/serializer-2.7.2.jar referenced one or more files that do not exist: file:/Users/wing/DevelopEnvironment/apache-maven-3.9.4/repository/xalan/serializer/2.7.2/xml-apis.jar
2024-07-04 12:23:14.626 [restartedMain] INFO  [o.s.b.d.env.DevToolsPropertyDefaultsPostProcessor] - Devtools property defaults active! Set 'spring.devtools.add-properties' to 'false' to disable
2024-07-04 12:23:14.626 [restartedMain] INFO  [o.s.b.d.env.DevToolsPropertyDefaultsPostProcessor] - For additional web related logging consider setting the 'logging.level.web' property to 'DEBUG'
2024-07-04 12:23:15.417 [restartedMain] INFO  [o.s.boot.web.embedded.tomcat.TomcatWebServer] - Tomcat initialized with port(s): 9999 (http)
2024-07-04 12:23:15.421 [restartedMain] INFO  [org.apache.catalina.core.StandardService] - Starting service [Tomcat]
2024-07-04 12:23:15.421 [restartedMain] INFO  [org.apache.catalina.core.StandardEngine] - Starting Servlet engine: [Apache Tomcat/10.1.11]
2024-07-04 12:23:15.448 [restartedMain] INFO  [o.a.c.core.ContainerBase.[Tomcat].[localhost].[/]] - Initializing Spring embedded WebApplicationContext
2024-07-04 12:23:15.448 [restartedMain] INFO  [o.s.b.w.s.c.ServletWebServerApplicationContext] - Root WebApplicationContext: initialization completed in 822 ms
2024-07-04 12:23:22.388 [restartedMain] INFO  [o.s.scheduling.quartz.LocalDataSourceJobStore] - Using db table-based data access locking (synchronization).
2024-07-04 12:23:22.390 [restartedMain] INFO  [o.s.scheduling.quartz.LocalDataSourceJobStore] - JobStoreCMT initialized.
2024-07-04 12:23:23.310 [restartedMain] INFO  [o.s.b.actuate.endpoint.web.EndpointLinksResolver] - Exposing 1 endpoint(s) beneath base path '/actuator'
2024-07-04 12:23:23.336 [restartedMain] INFO  [o.s.security.web.DefaultSecurityFilterChain] - Will secure any request with [org.springframework.security.web.session.DisableEncodeUrlFilter@52d42c74, org.springframework.security.web.context.request.async.WebAsyncManagerIntegrationFilter@18bfa29a, org.springframework.security.web.context.SecurityContextHolderFilter@7ce39df7, org.springframework.security.web.header.HeaderWriterFilter@3ade6cc9, org.springframework.security.web.authentication.logout.LogoutFilter@6959f271, com.redpig.security.filter.JwtAuthenticationTokenFilter@58440d0e, com.redpig.security.filter.LoginAuthenticationFilter@64525987, org.springframework.security.web.authentication.UsernamePasswordAuthenticationFilter@13ef8040, org.springframework.security.web.authentication.ui.DefaultLoginPageGeneratingFilter@5941cc2e, org.springframework.security.web.authentication.ui.DefaultLogoutPageGeneratingFilter@17166ef5, org.springframework.security.web.savedrequest.RequestCacheAwareFilter@411c9a77, org.springframework.security.web.servletapi.SecurityContextHolderAwareRequestFilter@b43a747, org.springframework.security.web.authentication.AnonymousAuthenticationFilter@7258a5ff, org.springframework.security.web.access.ExceptionTranslationFilter@612fff27, org.springframework.security.web.access.intercept.AuthorizationFilter@6ae29a46]
2024-07-04 12:23:23.502 [restartedMain] INFO  [o.s.b.d.autoconfigure.OptionalLiveReloadServer] - LiveReload server is running on port 35729
2024-07-04 12:23:23.548 [restartedMain] INFO  [o.s.boot.web.embedded.tomcat.TomcatWebServer] - Tomcat started on port(s): 9999 (http) with context path ''
2024-07-04 12:23:23.549 [restartedMain] INFO  [o.s.scheduling.quartz.SchedulerFactoryBean] - Starting Quartz Scheduler now
2024-07-04 12:23:24.187 [restartedMain] INFO  [o.s.scheduling.quartz.LocalDataSourceJobStore] - Freed 0 triggers from 'acquired' / 'blocked' state.
2024-07-04 12:23:24.425 [restartedMain] INFO  [o.s.scheduling.quartz.LocalDataSourceJobStore] - Recovering 0 jobs that were in-progress at the time of the last shut-down.
2024-07-04 12:23:24.425 [restartedMain] INFO  [o.s.scheduling.quartz.LocalDataSourceJobStore] - Recovery complete.
2024-07-04 12:23:24.570 [restartedMain] INFO  [o.s.scheduling.quartz.LocalDataSourceJobStore] - Removed 0 'complete' triggers.
2024-07-04 12:23:24.676 [restartedMain] INFO  [o.s.scheduling.quartz.LocalDataSourceJobStore] - Removed 0 stale fired job entries.
2024-07-04 12:23:25.095 [RMI TCP Connection(2)-127.0.0.1] INFO  [o.a.c.core.ContainerBase.[Tomcat].[localhost].[/]] - Initializing Spring DispatcherServlet 'dispatcherServlet'
2024-07-04 12:23:25.095 [RMI TCP Connection(2)-127.0.0.1] INFO  [org.springframework.web.servlet.DispatcherServlet] - Initializing Servlet 'dispatcherServlet'
2024-07-04 12:23:25.096 [RMI TCP Connection(2)-127.0.0.1] INFO  [org.springframework.web.servlet.DispatcherServlet] - Completed initialization in 1 ms
2024-07-04 12:23:32.005 [File Watcher] INFO  [o.s.b.d.a.LocalDevToolsAutoConfiguration$RestartingClassPathChangeChangedEventListener] - Restarting due to 190 class path changes (0 additions, 190 deletions, 0 modifications)
2024-07-04 12:23:32.010 [Thread-5] INFO  [org.apache.catalina.core.StandardService] - Stopping service [Tomcat]
2024-07-04 12:23:32.010 [Thread-5] INFO  [o.a.c.core.ContainerBase.[Tomcat].[localhost].[/]] - Destroying Spring FrameworkServlet 'dispatcherServlet'
2024-07-04 12:23:32.016 [Thread-5] INFO  [o.s.scheduling.quartz.SchedulerFactoryBean] - Shutting down Quartz Scheduler
2024-07-04 12:23:36.771 [restartedMain] INFO  [o.s.boot.web.embedded.tomcat.TomcatWebServer] - Tomcat initialized with port(s): 9999 (http)
2024-07-04 12:23:36.771 [restartedMain] INFO  [org.apache.catalina.core.StandardService] - Starting service [Tomcat]
2024-07-04 12:23:36.771 [restartedMain] INFO  [org.apache.catalina.core.StandardEngine] - Starting Servlet engine: [Apache Tomcat/10.1.11]
2024-07-04 12:23:36.778 [restartedMain] INFO  [o.a.c.c.ContainerBase.[Tomcat-1].[localhost].[/]] - Initializing Spring embedded WebApplicationContext
2024-07-04 12:23:36.778 [restartedMain] INFO  [o.s.b.w.s.c.ServletWebServerApplicationContext] - Root WebApplicationContext: initialization completed in 171 ms
2024-07-04 12:23:36.986 [restartedMain] INFO  [org.apache.catalina.core.StandardService] - Stopping service [Tomcat]
2024-07-04 12:23:36.993 [restartedMain] INFO  [o.s.b.a.logging.ConditionEvaluationReportLogger] - 

Error starting ApplicationContext. To display the condition evaluation report re-run your application with 'debug' enabled.
2024-07-04 12:23:38.643 [restartedMain] INFO  [o.s.boot.web.embedded.tomcat.TomcatWebServer] - Tomcat initialized with port(s): 9999 (http)
2024-07-04 12:23:38.643 [restartedMain] INFO  [org.apache.catalina.core.StandardService] - Starting service [Tomcat]
2024-07-04 12:23:38.643 [restartedMain] INFO  [org.apache.catalina.core.StandardEngine] - Starting Servlet engine: [Apache Tomcat/10.1.11]
2024-07-04 12:23:38.649 [restartedMain] INFO  [o.a.c.c.ContainerBase.[Tomcat-2].[localhost].[/]] - Initializing Spring embedded WebApplicationContext
2024-07-04 12:23:38.649 [restartedMain] INFO  [o.s.b.w.s.c.ServletWebServerApplicationContext] - Root WebApplicationContext: initialization completed in 217 ms
2024-07-04 12:23:45.622 [restartedMain] INFO  [o.s.scheduling.quartz.LocalDataSourceJobStore] - Using db table-based data access locking (synchronization).
2024-07-04 12:23:45.623 [restartedMain] INFO  [o.s.scheduling.quartz.LocalDataSourceJobStore] - JobStoreCMT initialized.
2024-07-04 12:23:46.295 [restartedMain] INFO  [o.s.b.actuate.endpoint.web.EndpointLinksResolver] - Exposing 1 endpoint(s) beneath base path '/actuator'
2024-07-04 12:23:46.310 [restartedMain] INFO  [o.s.security.web.DefaultSecurityFilterChain] - Will secure any request with [org.springframework.security.web.session.DisableEncodeUrlFilter@68f9da88, org.springframework.security.web.context.request.async.WebAsyncManagerIntegrationFilter@677e6214, org.springframework.security.web.context.SecurityContextHolderFilter@1b205ed, org.springframework.security.web.header.HeaderWriterFilter@30c0ab2c, org.springframework.security.web.authentication.logout.LogoutFilter@3e34b988, com.redpig.security.filter.JwtAuthenticationTokenFilter@4a724e4b, com.redpig.security.filter.LoginAuthenticationFilter@6f61f49a, org.springframework.security.web.authentication.UsernamePasswordAuthenticationFilter@731ad59a, org.springframework.security.web.authentication.ui.DefaultLoginPageGeneratingFilter@5ed3112, org.springframework.security.web.authentication.ui.DefaultLogoutPageGeneratingFilter@49ea5e64, org.springframework.security.web.savedrequest.RequestCacheAwareFilter@3dd2e5ae, org.springframework.security.web.servletapi.SecurityContextHolderAwareRequestFilter@304165fd, org.springframework.security.web.authentication.AnonymousAuthenticationFilter@5d90fb8f, org.springframework.security.web.access.ExceptionTranslationFilter@21558960, org.springframework.security.web.access.intercept.AuthorizationFilter@69689921]
2024-07-04 12:23:46.405 [restartedMain] INFO  [o.s.b.d.autoconfigure.OptionalLiveReloadServer] - LiveReload server is running on port 35729
2024-07-04 12:23:46.427 [restartedMain] INFO  [o.s.boot.web.embedded.tomcat.TomcatWebServer] - Tomcat started on port(s): 9999 (http) with context path ''
2024-07-04 12:23:46.427 [restartedMain] INFO  [o.s.scheduling.quartz.SchedulerFactoryBean] - Starting Quartz Scheduler now
2024-07-04 12:23:46.767 [restartedMain] INFO  [o.s.scheduling.quartz.LocalDataSourceJobStore] - Freed 0 triggers from 'acquired' / 'blocked' state.
2024-07-04 12:23:46.977 [restartedMain] INFO  [o.s.scheduling.quartz.LocalDataSourceJobStore] - Recovering 0 jobs that were in-progress at the time of the last shut-down.
2024-07-04 12:23:46.977 [restartedMain] INFO  [o.s.scheduling.quartz.LocalDataSourceJobStore] - Recovery complete.
2024-07-04 12:23:47.077 [restartedMain] INFO  [o.s.scheduling.quartz.LocalDataSourceJobStore] - Removed 0 'complete' triggers.
2024-07-04 12:23:47.195 [restartedMain] INFO  [o.s.scheduling.quartz.LocalDataSourceJobStore] - Removed 0 stale fired job entries.
2024-07-04 12:23:47.442 [restartedMain] INFO  [o.s.b.d.a.ConditionEvaluationDeltaLoggingListener] - Condition evaluation unchanged
2024-07-04 12:27:31.010 [SpringApplicationShutdownHook] INFO  [o.s.scheduling.quartz.SchedulerFactoryBean] - Shutting down Quartz Scheduler
