2024-07-03 16:12:43.721 [restartedMain] INFO  [o.s.boot.devtools.restart.ChangeableUrls] - The Class-Path manifest attribute in /Users/wing/DevelopEnvironment/apache-maven-3.9.4/repository/xalan/xalan/2.7.2/xalan-2.7.2.jar referenced one or more files that do not exist: file:/Users/wing/DevelopEnvironment/apache-maven-3.9.4/repository/xalan/xalan/2.7.2/xercesImpl.jar,file:/Users/wing/DevelopEnvironment/apache-maven-3.9.4/repository/xalan/xalan/2.7.2/xml-apis.jar,file:/Users/wing/DevelopEnvironment/apache-maven-3.9.4/repository/xalan/xalan/2.7.2/serializer.jar
2024-07-03 16:12:43.722 [restartedMain] INFO  [o.s.boot.devtools.restart.ChangeableUrls] - The Class-Path manifest attribute in /Users/wing/DevelopEnvironment/apache-maven-3.9.4/repository/xalan/serializer/2.7.2/serializer-2.7.2.jar referenced one or more files that do not exist: file:/Users/wing/DevelopEnvironment/apache-maven-3.9.4/repository/xalan/serializer/2.7.2/xml-apis.jar
2024-07-03 16:12:43.722 [restartedMain] INFO  [o.s.b.d.env.DevToolsPropertyDefaultsPostProcessor] - Devtools property defaults active! Set 'spring.devtools.add-properties' to 'false' to disable
2024-07-03 16:12:43.722 [restartedMain] INFO  [o.s.b.d.env.DevToolsPropertyDefaultsPostProcessor] - For additional web related logging consider setting the 'logging.level.web' property to 'DEBUG'
2024-07-03 16:12:44.466 [restartedMain] INFO  [o.s.boot.web.embedded.tomcat.TomcatWebServer] - Tomcat initialized with port(s): 9999 (http)
2024-07-03 16:12:44.470 [restartedMain] INFO  [org.apache.catalina.core.StandardService] - Starting service [Tomcat]
2024-07-03 16:12:44.470 [restartedMain] INFO  [org.apache.catalina.core.StandardEngine] - Starting Servlet engine: [Apache Tomcat/10.1.11]
2024-07-03 16:12:44.501 [restartedMain] INFO  [o.a.c.core.ContainerBase.[Tomcat].[localhost].[/]] - Initializing Spring embedded WebApplicationContext
2024-07-03 16:12:44.501 [restartedMain] INFO  [o.s.b.w.s.c.ServletWebServerApplicationContext] - Root WebApplicationContext: initialization completed in 779 ms
2024-07-03 16:12:53.188 [restartedMain] INFO  [o.s.scheduling.quartz.LocalDataSourceJobStore] - Using db table-based data access locking (synchronization).
2024-07-03 16:12:53.190 [restartedMain] INFO  [o.s.scheduling.quartz.LocalDataSourceJobStore] - JobStoreCMT initialized.
2024-07-03 16:12:54.055 [restartedMain] INFO  [o.s.b.actuate.endpoint.web.EndpointLinksResolver] - Exposing 1 endpoint(s) beneath base path '/actuator'
2024-07-03 16:12:54.079 [restartedMain] INFO  [o.s.security.web.DefaultSecurityFilterChain] - Will secure any request with [org.springframework.security.web.session.DisableEncodeUrlFilter@20d13a33, org.springframework.security.web.context.request.async.WebAsyncManagerIntegrationFilter@2dd3b4a, org.springframework.security.web.context.SecurityContextHolderFilter@4c97d9dc, org.springframework.security.web.header.HeaderWriterFilter@36290805, org.springframework.security.web.authentication.logout.LogoutFilter@7f26e6e7, com.redpig.security.filter.JwtAuthenticationTokenFilter@13b410fc, com.redpig.security.filter.LoginAuthenticationFilter@50d3198c, org.springframework.security.web.authentication.UsernamePasswordAuthenticationFilter@35b0af84, org.springframework.security.web.authentication.ui.DefaultLoginPageGeneratingFilter@3f46cdf5, org.springframework.security.web.authentication.ui.DefaultLogoutPageGeneratingFilter@79fab107, org.springframework.security.web.savedrequest.RequestCacheAwareFilter@46181ab5, org.springframework.security.web.servletapi.SecurityContextHolderAwareRequestFilter@757dd51c, org.springframework.security.web.authentication.AnonymousAuthenticationFilter@1296d219, org.springframework.security.web.access.ExceptionTranslationFilter@1156d8a1, org.springframework.security.web.access.intercept.AuthorizationFilter@510d943c]
2024-07-03 16:12:54.246 [restartedMain] INFO  [o.s.b.d.autoconfigure.OptionalLiveReloadServer] - LiveReload server is running on port 35729
2024-07-03 16:12:54.293 [restartedMain] INFO  [o.s.boot.web.embedded.tomcat.TomcatWebServer] - Tomcat started on port(s): 9999 (http) with context path ''
2024-07-03 16:12:54.294 [restartedMain] INFO  [o.s.scheduling.quartz.SchedulerFactoryBean] - Starting Quartz Scheduler now
2024-07-03 16:12:54.814 [restartedMain] INFO  [o.s.scheduling.quartz.LocalDataSourceJobStore] - Freed 0 triggers from 'acquired' / 'blocked' state.
2024-07-03 16:12:55.026 [restartedMain] INFO  [o.s.scheduling.quartz.LocalDataSourceJobStore] - Recovering 0 jobs that were in-progress at the time of the last shut-down.
2024-07-03 16:12:55.026 [restartedMain] INFO  [o.s.scheduling.quartz.LocalDataSourceJobStore] - Recovery complete.
2024-07-03 16:12:55.171 [restartedMain] INFO  [o.s.scheduling.quartz.LocalDataSourceJobStore] - Removed 0 'complete' triggers.
2024-07-03 16:12:55.286 [restartedMain] INFO  [o.s.scheduling.quartz.LocalDataSourceJobStore] - Removed 0 stale fired job entries.
2024-07-03 16:12:55.828 [RMI TCP Connection(2)-127.0.0.1] INFO  [o.a.c.core.ContainerBase.[Tomcat].[localhost].[/]] - Initializing Spring DispatcherServlet 'dispatcherServlet'
2024-07-03 16:12:55.829 [RMI TCP Connection(2)-127.0.0.1] INFO  [org.springframework.web.servlet.DispatcherServlet] - Initializing Servlet 'dispatcherServlet'
2024-07-03 16:12:55.830 [RMI TCP Connection(2)-127.0.0.1] INFO  [org.springframework.web.servlet.DispatcherServlet] - Completed initialization in 1 ms
2024-07-03 17:40:23.231 [File Watcher] INFO  [o.s.b.d.a.LocalDevToolsAutoConfiguration$RestartingClassPathChangeChangedEventListener] - Restarting due to 1 class path change (0 additions, 0 deletions, 1 modification)
2024-07-03 17:40:23.249 [Thread-5] INFO  [org.apache.catalina.core.StandardService] - Stopping service [Tomcat]
2024-07-03 17:40:23.251 [Thread-5] INFO  [o.a.c.core.ContainerBase.[Tomcat].[localhost].[/]] - Destroying Spring FrameworkServlet 'dispatcherServlet'
2024-07-03 17:40:23.263 [Thread-5] INFO  [o.s.scheduling.quartz.SchedulerFactoryBean] - Shutting down Quartz Scheduler
2024-07-03 17:40:23.549 [restartedMain] INFO  [o.s.boot.web.embedded.tomcat.TomcatWebServer] - Tomcat initialized with port(s): 9999 (http)
2024-07-03 17:40:23.549 [restartedMain] INFO  [org.apache.catalina.core.StandardService] - Starting service [Tomcat]
2024-07-03 17:40:23.549 [restartedMain] INFO  [org.apache.catalina.core.StandardEngine] - Starting Servlet engine: [Apache Tomcat/10.1.11]
2024-07-03 17:40:23.556 [restartedMain] INFO  [o.a.c.core.ContainerBase.[Tomcat].[localhost].[/]] - Initializing Spring embedded WebApplicationContext
2024-07-03 17:40:23.556 [restartedMain] INFO  [o.s.b.w.s.c.ServletWebServerApplicationContext] - Root WebApplicationContext: initialization completed in 219 ms
2024-07-03 17:40:30.461 [restartedMain] INFO  [o.s.scheduling.quartz.LocalDataSourceJobStore] - Using db table-based data access locking (synchronization).
2024-07-03 17:40:30.462 [restartedMain] INFO  [o.s.scheduling.quartz.LocalDataSourceJobStore] - JobStoreCMT initialized.
2024-07-03 17:40:31.157 [restartedMain] INFO  [o.s.b.actuate.endpoint.web.EndpointLinksResolver] - Exposing 1 endpoint(s) beneath base path '/actuator'
2024-07-03 17:40:31.172 [restartedMain] INFO  [o.s.security.web.DefaultSecurityFilterChain] - Will secure any request with [org.springframework.security.web.session.DisableEncodeUrlFilter@52c130b5, org.springframework.security.web.context.request.async.WebAsyncManagerIntegrationFilter@55f4e8e, org.springframework.security.web.context.SecurityContextHolderFilter@1fe0ffad, org.springframework.security.web.header.HeaderWriterFilter@39915ae5, org.springframework.security.web.authentication.logout.LogoutFilter@415fd5b, com.redpig.security.filter.JwtAuthenticationTokenFilter@412267ef, com.redpig.security.filter.LoginAuthenticationFilter@174ee81f, org.springframework.security.web.authentication.UsernamePasswordAuthenticationFilter@7995e5f9, org.springframework.security.web.authentication.ui.DefaultLoginPageGeneratingFilter@5670b76f, org.springframework.security.web.authentication.ui.DefaultLogoutPageGeneratingFilter@4cd136db, org.springframework.security.web.savedrequest.RequestCacheAwareFilter@6425c1e7, org.springframework.security.web.servletapi.SecurityContextHolderAwareRequestFilter@65859f48, org.springframework.security.web.authentication.AnonymousAuthenticationFilter@33053af1, org.springframework.security.web.access.ExceptionTranslationFilter@7cbfa3c8, org.springframework.security.web.access.intercept.AuthorizationFilter@1ebb405a]
2024-07-03 17:40:31.265 [restartedMain] INFO  [o.s.b.d.autoconfigure.OptionalLiveReloadServer] - LiveReload server is running on port 35729
2024-07-03 17:40:31.287 [restartedMain] INFO  [o.s.boot.web.embedded.tomcat.TomcatWebServer] - Tomcat started on port(s): 9999 (http) with context path ''
2024-07-03 17:40:31.288 [restartedMain] INFO  [o.s.scheduling.quartz.SchedulerFactoryBean] - Starting Quartz Scheduler now
2024-07-03 17:40:31.762 [restartedMain] INFO  [o.s.scheduling.quartz.LocalDataSourceJobStore] - Freed 0 triggers from 'acquired' / 'blocked' state.
2024-07-03 17:40:31.985 [restartedMain] INFO  [o.s.scheduling.quartz.LocalDataSourceJobStore] - Recovering 0 jobs that were in-progress at the time of the last shut-down.
2024-07-03 17:40:31.985 [restartedMain] INFO  [o.s.scheduling.quartz.LocalDataSourceJobStore] - Recovery complete.
2024-07-03 17:40:32.102 [restartedMain] INFO  [o.s.scheduling.quartz.LocalDataSourceJobStore] - Removed 0 'complete' triggers.
2024-07-03 17:40:32.239 [restartedMain] INFO  [o.s.scheduling.quartz.LocalDataSourceJobStore] - Removed 0 stale fired job entries.
2024-07-03 17:40:32.506 [restartedMain] INFO  [o.s.b.d.a.ConditionEvaluationDeltaLoggingListener] - Condition evaluation unchanged
2024-07-03 17:48:54.804 [File Watcher] INFO  [o.s.b.d.a.LocalDevToolsAutoConfiguration$RestartingClassPathChangeChangedEventListener] - Restarting due to 160 class path changes (0 additions, 0 deletions, 160 modifications)
2024-07-03 17:48:54.810 [Thread-8] INFO  [org.apache.catalina.core.StandardService] - Stopping service [Tomcat]
2024-07-03 17:48:54.814 [Thread-8] INFO  [o.s.scheduling.quartz.SchedulerFactoryBean] - Shutting down Quartz Scheduler
2024-07-03 17:48:55.078 [restartedMain] INFO  [o.s.boot.web.embedded.tomcat.TomcatWebServer] - Tomcat initialized with port(s): 9999 (http)
2024-07-03 17:48:55.079 [restartedMain] INFO  [org.apache.catalina.core.StandardService] - Starting service [Tomcat]
2024-07-03 17:48:55.079 [restartedMain] INFO  [org.apache.catalina.core.StandardEngine] - Starting Servlet engine: [Apache Tomcat/10.1.11]
2024-07-03 17:48:55.085 [restartedMain] INFO  [o.a.c.core.ContainerBase.[Tomcat].[localhost].[/]] - Initializing Spring embedded WebApplicationContext
2024-07-03 17:48:55.085 [restartedMain] INFO  [o.s.b.w.s.c.ServletWebServerApplicationContext] - Root WebApplicationContext: initialization completed in 204 ms
2024-07-03 17:49:02.544 [restartedMain] INFO  [o.s.scheduling.quartz.LocalDataSourceJobStore] - Using db table-based data access locking (synchronization).
2024-07-03 17:49:02.544 [restartedMain] INFO  [o.s.scheduling.quartz.LocalDataSourceJobStore] - JobStoreCMT initialized.
2024-07-03 17:49:03.569 [restartedMain] INFO  [o.s.b.actuate.endpoint.web.EndpointLinksResolver] - Exposing 1 endpoint(s) beneath base path '/actuator'
2024-07-03 17:49:03.590 [restartedMain] INFO  [o.s.security.web.DefaultSecurityFilterChain] - Will secure any request with [org.springframework.security.web.session.DisableEncodeUrlFilter@5b328a6b, org.springframework.security.web.context.request.async.WebAsyncManagerIntegrationFilter@5cfaafbd, org.springframework.security.web.context.SecurityContextHolderFilter@70acb731, org.springframework.security.web.header.HeaderWriterFilter@e3d95b3, org.springframework.security.web.authentication.logout.LogoutFilter@3d8956b, com.redpig.security.filter.JwtAuthenticationTokenFilter@2c02c7d2, com.redpig.security.filter.LoginAuthenticationFilter@113a1c0, org.springframework.security.web.authentication.UsernamePasswordAuthenticationFilter@1c86275d, org.springframework.security.web.authentication.ui.DefaultLoginPageGeneratingFilter@4317df6d, org.springframework.security.web.authentication.ui.DefaultLogoutPageGeneratingFilter@4ebd125b, org.springframework.security.web.savedrequest.RequestCacheAwareFilter@32dcf8d0, org.springframework.security.web.servletapi.SecurityContextHolderAwareRequestFilter@21e556ef, org.springframework.security.web.authentication.AnonymousAuthenticationFilter@4733cb76, org.springframework.security.web.access.ExceptionTranslationFilter@5a393266, org.springframework.security.web.access.intercept.AuthorizationFilter@7590a30b]
2024-07-03 17:49:03.735 [restartedMain] INFO  [o.s.b.d.autoconfigure.OptionalLiveReloadServer] - LiveReload server is running on port 35729
2024-07-03 17:49:03.788 [restartedMain] INFO  [o.s.boot.web.embedded.tomcat.TomcatWebServer] - Tomcat started on port(s): 9999 (http) with context path ''
2024-07-03 17:49:03.788 [restartedMain] INFO  [o.s.scheduling.quartz.SchedulerFactoryBean] - Starting Quartz Scheduler now
2024-07-03 17:49:04.361 [restartedMain] INFO  [o.s.scheduling.quartz.LocalDataSourceJobStore] - Freed 0 triggers from 'acquired' / 'blocked' state.
2024-07-03 17:49:04.638 [restartedMain] INFO  [o.s.scheduling.quartz.LocalDataSourceJobStore] - Recovering 0 jobs that were in-progress at the time of the last shut-down.
2024-07-03 17:49:04.638 [restartedMain] INFO  [o.s.scheduling.quartz.LocalDataSourceJobStore] - Recovery complete.
2024-07-03 17:49:04.732 [restartedMain] INFO  [o.s.scheduling.quartz.LocalDataSourceJobStore] - Removed 0 'complete' triggers.
2024-07-03 17:49:04.843 [restartedMain] INFO  [o.s.scheduling.quartz.LocalDataSourceJobStore] - Removed 0 stale fired job entries.
2024-07-03 17:49:05.074 [restartedMain] INFO  [o.s.b.d.a.ConditionEvaluationDeltaLoggingListener] - Condition evaluation unchanged
2024-07-03 17:49:32.453 [SpringApplicationShutdownHook] INFO  [o.s.scheduling.quartz.SchedulerFactoryBean] - Shutting down Quartz Scheduler
2024-07-03 18:16:41.215 [restartedMain] INFO  [o.s.boot.devtools.restart.ChangeableUrls] - The Class-Path manifest attribute in /Users/wing/DevelopEnvironment/apache-maven-3.9.4/repository/xalan/xalan/2.7.2/xalan-2.7.2.jar referenced one or more files that do not exist: file:/Users/wing/DevelopEnvironment/apache-maven-3.9.4/repository/xalan/xalan/2.7.2/xercesImpl.jar,file:/Users/wing/DevelopEnvironment/apache-maven-3.9.4/repository/xalan/xalan/2.7.2/xml-apis.jar,file:/Users/wing/DevelopEnvironment/apache-maven-3.9.4/repository/xalan/xalan/2.7.2/serializer.jar
2024-07-03 18:16:41.216 [restartedMain] INFO  [o.s.boot.devtools.restart.ChangeableUrls] - The Class-Path manifest attribute in /Users/wing/DevelopEnvironment/apache-maven-3.9.4/repository/xalan/serializer/2.7.2/serializer-2.7.2.jar referenced one or more files that do not exist: file:/Users/wing/DevelopEnvironment/apache-maven-3.9.4/repository/xalan/serializer/2.7.2/xml-apis.jar
2024-07-03 18:16:41.216 [restartedMain] INFO  [o.s.b.d.env.DevToolsPropertyDefaultsPostProcessor] - Devtools property defaults active! Set 'spring.devtools.add-properties' to 'false' to disable
2024-07-03 18:16:41.216 [restartedMain] INFO  [o.s.b.d.env.DevToolsPropertyDefaultsPostProcessor] - For additional web related logging consider setting the 'logging.level.web' property to 'DEBUG'
2024-07-03 18:16:42.241 [restartedMain] INFO  [o.s.boot.web.embedded.tomcat.TomcatWebServer] - Tomcat initialized with port(s): 9999 (http)
2024-07-03 18:16:42.246 [restartedMain] INFO  [org.apache.catalina.core.StandardService] - Starting service [Tomcat]
2024-07-03 18:16:42.246 [restartedMain] INFO  [org.apache.catalina.core.StandardEngine] - Starting Servlet engine: [Apache Tomcat/10.1.11]
2024-07-03 18:16:42.280 [restartedMain] INFO  [o.a.c.core.ContainerBase.[Tomcat].[localhost].[/]] - Initializing Spring embedded WebApplicationContext
2024-07-03 18:16:42.280 [restartedMain] INFO  [o.s.b.w.s.c.ServletWebServerApplicationContext] - Root WebApplicationContext: initialization completed in 1064 ms
2024-07-03 18:16:49.727 [restartedMain] INFO  [o.s.scheduling.quartz.LocalDataSourceJobStore] - Using db table-based data access locking (synchronization).
2024-07-03 18:16:49.731 [restartedMain] INFO  [o.s.scheduling.quartz.LocalDataSourceJobStore] - JobStoreCMT initialized.
2024-07-03 18:16:50.688 [restartedMain] INFO  [o.s.b.actuate.endpoint.web.EndpointLinksResolver] - Exposing 1 endpoint(s) beneath base path '/actuator'
2024-07-03 18:16:50.712 [restartedMain] INFO  [o.s.security.web.DefaultSecurityFilterChain] - Will secure any request with [org.springframework.security.web.session.DisableEncodeUrlFilter@92ca902, org.springframework.security.web.context.request.async.WebAsyncManagerIntegrationFilter@3eb063b0, org.springframework.security.web.context.SecurityContextHolderFilter@42129180, org.springframework.security.web.header.HeaderWriterFilter@16907629, org.springframework.security.web.authentication.logout.LogoutFilter@1ee928cf, com.redpig.security.filter.JwtAuthenticationTokenFilter@4ec27ab8, com.redpig.security.filter.LoginAuthenticationFilter@5c7fa99b, org.springframework.security.web.authentication.UsernamePasswordAuthenticationFilter@c4a4e7e, org.springframework.security.web.authentication.ui.DefaultLoginPageGeneratingFilter@3dc941d5, org.springframework.security.web.authentication.ui.DefaultLogoutPageGeneratingFilter@30777faf, org.springframework.security.web.savedrequest.RequestCacheAwareFilter@58f81878, org.springframework.security.web.servletapi.SecurityContextHolderAwareRequestFilter@32f0083d, org.springframework.security.web.authentication.AnonymousAuthenticationFilter@d6737f2, org.springframework.security.web.access.ExceptionTranslationFilter@6ec2f3b2, org.springframework.security.web.access.intercept.AuthorizationFilter@15560fef]
2024-07-03 18:16:50.881 [restartedMain] INFO  [o.s.b.d.autoconfigure.OptionalLiveReloadServer] - LiveReload server is running on port 35729
2024-07-03 18:16:50.932 [restartedMain] INFO  [o.s.boot.web.embedded.tomcat.TomcatWebServer] - Tomcat started on port(s): 9999 (http) with context path ''
2024-07-03 18:16:50.932 [restartedMain] INFO  [o.s.scheduling.quartz.SchedulerFactoryBean] - Starting Quartz Scheduler now
2024-07-03 18:16:51.459 [restartedMain] INFO  [o.s.scheduling.quartz.LocalDataSourceJobStore] - Freed 0 triggers from 'acquired' / 'blocked' state.
2024-07-03 18:16:51.705 [restartedMain] INFO  [o.s.scheduling.quartz.LocalDataSourceJobStore] - Recovering 0 jobs that were in-progress at the time of the last shut-down.
2024-07-03 18:16:51.705 [restartedMain] INFO  [o.s.scheduling.quartz.LocalDataSourceJobStore] - Recovery complete.
2024-07-03 18:16:51.828 [restartedMain] INFO  [o.s.scheduling.quartz.LocalDataSourceJobStore] - Removed 0 'complete' triggers.
2024-07-03 18:16:51.923 [restartedMain] INFO  [o.s.scheduling.quartz.LocalDataSourceJobStore] - Removed 0 stale fired job entries.
2024-07-03 18:16:52.655 [RMI TCP Connection(9)-127.0.0.1] INFO  [o.a.c.core.ContainerBase.[Tomcat].[localhost].[/]] - Initializing Spring DispatcherServlet 'dispatcherServlet'
2024-07-03 18:16:52.655 [RMI TCP Connection(9)-127.0.0.1] INFO  [org.springframework.web.servlet.DispatcherServlet] - Initializing Servlet 'dispatcherServlet'
2024-07-03 18:16:52.656 [RMI TCP Connection(9)-127.0.0.1] INFO  [org.springframework.web.servlet.DispatcherServlet] - Completed initialization in 1 ms
2024-07-03 18:16:54.829 [SpringApplicationShutdownHook] INFO  [o.s.scheduling.quartz.SchedulerFactoryBean] - Shutting down Quartz Scheduler
2024-07-03 18:19:48.355 [restartedMain] INFO  [o.s.boot.devtools.restart.ChangeableUrls] - The Class-Path manifest attribute in /Users/wing/DevelopEnvironment/apache-maven-3.9.4/repository/xalan/xalan/2.7.2/xalan-2.7.2.jar referenced one or more files that do not exist: file:/Users/wing/DevelopEnvironment/apache-maven-3.9.4/repository/xalan/xalan/2.7.2/xercesImpl.jar,file:/Users/wing/DevelopEnvironment/apache-maven-3.9.4/repository/xalan/xalan/2.7.2/xml-apis.jar,file:/Users/wing/DevelopEnvironment/apache-maven-3.9.4/repository/xalan/xalan/2.7.2/serializer.jar
2024-07-03 18:19:48.357 [restartedMain] INFO  [o.s.boot.devtools.restart.ChangeableUrls] - The Class-Path manifest attribute in /Users/wing/DevelopEnvironment/apache-maven-3.9.4/repository/xalan/serializer/2.7.2/serializer-2.7.2.jar referenced one or more files that do not exist: file:/Users/wing/DevelopEnvironment/apache-maven-3.9.4/repository/xalan/serializer/2.7.2/xml-apis.jar
2024-07-03 18:19:48.357 [restartedMain] INFO  [o.s.b.d.env.DevToolsPropertyDefaultsPostProcessor] - Devtools property defaults active! Set 'spring.devtools.add-properties' to 'false' to disable
2024-07-03 18:19:48.357 [restartedMain] INFO  [o.s.b.d.env.DevToolsPropertyDefaultsPostProcessor] - For additional web related logging consider setting the 'logging.level.web' property to 'DEBUG'
2024-07-03 18:19:49.090 [restartedMain] INFO  [o.s.boot.web.embedded.tomcat.TomcatWebServer] - Tomcat initialized with port(s): 9999 (http)
2024-07-03 18:19:49.094 [restartedMain] INFO  [org.apache.catalina.core.StandardService] - Starting service [Tomcat]
2024-07-03 18:19:49.094 [restartedMain] INFO  [org.apache.catalina.core.StandardEngine] - Starting Servlet engine: [Apache Tomcat/10.1.11]
2024-07-03 18:19:49.120 [restartedMain] INFO  [o.a.c.core.ContainerBase.[Tomcat].[localhost].[/]] - Initializing Spring embedded WebApplicationContext
2024-07-03 18:19:49.120 [restartedMain] INFO  [o.s.b.w.s.c.ServletWebServerApplicationContext] - Root WebApplicationContext: initialization completed in 763 ms
2024-07-03 18:19:56.633 [restartedMain] INFO  [o.s.scheduling.quartz.LocalDataSourceJobStore] - Using db table-based data access locking (synchronization).
2024-07-03 18:19:56.635 [restartedMain] INFO  [o.s.scheduling.quartz.LocalDataSourceJobStore] - JobStoreCMT initialized.
2024-07-03 18:19:58.082 [restartedMain] INFO  [o.s.b.actuate.endpoint.web.EndpointLinksResolver] - Exposing 1 endpoint(s) beneath base path '/actuator'
2024-07-03 18:19:58.107 [restartedMain] INFO  [o.s.security.web.DefaultSecurityFilterChain] - Will secure any request with [org.springframework.security.web.session.DisableEncodeUrlFilter@1ff610a9, org.springframework.security.web.context.request.async.WebAsyncManagerIntegrationFilter@50600b55, org.springframework.security.web.context.SecurityContextHolderFilter@3c61db27, org.springframework.security.web.header.HeaderWriterFilter@1a2ae423, org.springframework.security.web.authentication.logout.LogoutFilter@2782b6b, com.redpig.security.filter.JwtAuthenticationTokenFilter@5e9bcd07, com.redpig.security.filter.LoginAuthenticationFilter@4c6b5b6a, org.springframework.security.web.authentication.UsernamePasswordAuthenticationFilter@67e98c9d, org.springframework.security.web.authentication.ui.DefaultLoginPageGeneratingFilter@2bd5bed3, org.springframework.security.web.authentication.ui.DefaultLogoutPageGeneratingFilter@63376916, org.springframework.security.web.savedrequest.RequestCacheAwareFilter@17b160c9, org.springframework.security.web.servletapi.SecurityContextHolderAwareRequestFilter@47a18ae1, org.springframework.security.web.authentication.AnonymousAuthenticationFilter@335dec86, org.springframework.security.web.access.ExceptionTranslationFilter@75901c3a, org.springframework.security.web.access.intercept.AuthorizationFilter@1ec63096]
2024-07-03 18:19:58.267 [restartedMain] INFO  [o.s.b.d.autoconfigure.OptionalLiveReloadServer] - LiveReload server is running on port 35729
2024-07-03 18:19:58.314 [restartedMain] INFO  [o.s.boot.web.embedded.tomcat.TomcatWebServer] - Tomcat started on port(s): 9999 (http) with context path ''
2024-07-03 18:19:58.315 [restartedMain] INFO  [o.s.scheduling.quartz.SchedulerFactoryBean] - Starting Quartz Scheduler now
2024-07-03 18:19:58.893 [restartedMain] INFO  [o.s.scheduling.quartz.LocalDataSourceJobStore] - Freed 0 triggers from 'acquired' / 'blocked' state.
2024-07-03 18:19:59.133 [restartedMain] INFO  [o.s.scheduling.quartz.LocalDataSourceJobStore] - Recovering 0 jobs that were in-progress at the time of the last shut-down.
2024-07-03 18:19:59.133 [restartedMain] INFO  [o.s.scheduling.quartz.LocalDataSourceJobStore] - Recovery complete.
2024-07-03 18:19:59.231 [restartedMain] INFO  [o.s.scheduling.quartz.LocalDataSourceJobStore] - Removed 0 'complete' triggers.
2024-07-03 18:19:59.360 [restartedMain] INFO  [o.s.scheduling.quartz.LocalDataSourceJobStore] - Removed 0 stale fired job entries.
2024-07-03 18:19:59.949 [RMI TCP Connection(2)-127.0.0.1] INFO  [o.a.c.core.ContainerBase.[Tomcat].[localhost].[/]] - Initializing Spring DispatcherServlet 'dispatcherServlet'
2024-07-03 18:19:59.949 [RMI TCP Connection(2)-127.0.0.1] INFO  [org.springframework.web.servlet.DispatcherServlet] - Initializing Servlet 'dispatcherServlet'
2024-07-03 18:19:59.950 [RMI TCP Connection(2)-127.0.0.1] INFO  [org.springframework.web.servlet.DispatcherServlet] - Completed initialization in 1 ms
2024-07-03 18:23:42.156 [File Watcher] INFO  [o.s.b.d.a.LocalDevToolsAutoConfiguration$RestartingClassPathChangeChangedEventListener] - Restarting due to 191 class path changes (0 additions, 191 deletions, 0 modifications)
2024-07-03 18:23:42.163 [Thread-5] INFO  [org.apache.catalina.core.StandardService] - Stopping service [Tomcat]
2024-07-03 18:23:42.163 [Thread-5] INFO  [o.a.c.core.ContainerBase.[Tomcat].[localhost].[/]] - Destroying Spring FrameworkServlet 'dispatcherServlet'
2024-07-03 18:23:42.169 [Thread-5] INFO  [o.s.scheduling.quartz.SchedulerFactoryBean] - Shutting down Quartz Scheduler
2024-07-03 18:23:45.259 [restartedMain] INFO  [o.s.boot.web.embedded.tomcat.TomcatWebServer] - Tomcat initialized with port(s): 9999 (http)
2024-07-03 18:23:45.260 [restartedMain] INFO  [org.apache.catalina.core.StandardService] - Starting service [Tomcat]
2024-07-03 18:23:45.260 [restartedMain] INFO  [org.apache.catalina.core.StandardEngine] - Starting Servlet engine: [Apache Tomcat/10.1.11]
2024-07-03 18:23:45.267 [restartedMain] INFO  [o.a.c.c.ContainerBase.[Tomcat-1].[localhost].[/]] - Initializing Spring embedded WebApplicationContext
2024-07-03 18:23:45.267 [restartedMain] INFO  [o.s.b.w.s.c.ServletWebServerApplicationContext] - Root WebApplicationContext: initialization completed in 149 ms
2024-07-03 18:23:45.467 [restartedMain] INFO  [org.apache.catalina.core.StandardService] - Stopping service [Tomcat]
2024-07-03 18:23:45.473 [restartedMain] INFO  [o.s.b.a.logging.ConditionEvaluationReportLogger] - 

Error starting ApplicationContext. To display the condition evaluation report re-run your application with 'debug' enabled.
2024-07-03 18:23:47.132 [restartedMain] INFO  [o.s.boot.web.embedded.tomcat.TomcatWebServer] - Tomcat initialized with port(s): 9999 (http)
2024-07-03 18:23:47.132 [restartedMain] INFO  [org.apache.catalina.core.StandardService] - Starting service [Tomcat]
2024-07-03 18:23:47.133 [restartedMain] INFO  [org.apache.catalina.core.StandardEngine] - Starting Servlet engine: [Apache Tomcat/10.1.11]
2024-07-03 18:23:47.140 [restartedMain] INFO  [o.a.c.c.ContainerBase.[Tomcat-2].[localhost].[/]] - Initializing Spring embedded WebApplicationContext
2024-07-03 18:23:47.140 [restartedMain] INFO  [o.s.b.w.s.c.ServletWebServerApplicationContext] - Root WebApplicationContext: initialization completed in 227 ms
2024-07-03 18:23:54.563 [restartedMain] INFO  [o.s.scheduling.quartz.LocalDataSourceJobStore] - Using db table-based data access locking (synchronization).
2024-07-03 18:23:54.564 [restartedMain] INFO  [o.s.scheduling.quartz.LocalDataSourceJobStore] - JobStoreCMT initialized.
2024-07-03 18:23:55.310 [restartedMain] INFO  [o.s.b.actuate.endpoint.web.EndpointLinksResolver] - Exposing 1 endpoint(s) beneath base path '/actuator'
2024-07-03 18:23:55.325 [restartedMain] INFO  [o.s.security.web.DefaultSecurityFilterChain] - Will secure any request with [org.springframework.security.web.session.DisableEncodeUrlFilter@32dd292c, org.springframework.security.web.context.request.async.WebAsyncManagerIntegrationFilter@629e8feb, org.springframework.security.web.context.SecurityContextHolderFilter@3a9bbf15, org.springframework.security.web.header.HeaderWriterFilter@217cdd41, org.springframework.security.web.authentication.logout.LogoutFilter@63a6ec68, com.redpig.security.filter.JwtAuthenticationTokenFilter@54b08042, com.redpig.security.filter.LoginAuthenticationFilter@5099e3b1, org.springframework.security.web.authentication.UsernamePasswordAuthenticationFilter@664c4c21, org.springframework.security.web.authentication.ui.DefaultLoginPageGeneratingFilter@622dcd9a, org.springframework.security.web.authentication.ui.DefaultLogoutPageGeneratingFilter@bd634c7, org.springframework.security.web.savedrequest.RequestCacheAwareFilter@3eca0a0, org.springframework.security.web.servletapi.SecurityContextHolderAwareRequestFilter@25fc8ab1, org.springframework.security.web.authentication.AnonymousAuthenticationFilter@1d211381, org.springframework.security.web.access.ExceptionTranslationFilter@2ad18ce0, org.springframework.security.web.access.intercept.AuthorizationFilter@2e830371]
2024-07-03 18:23:55.409 [restartedMain] INFO  [o.s.b.d.autoconfigure.OptionalLiveReloadServer] - LiveReload server is running on port 35729
2024-07-03 18:23:55.431 [restartedMain] INFO  [o.s.boot.web.embedded.tomcat.TomcatWebServer] - Tomcat started on port(s): 9999 (http) with context path ''
2024-07-03 18:23:55.431 [restartedMain] INFO  [o.s.scheduling.quartz.SchedulerFactoryBean] - Starting Quartz Scheduler now
2024-07-03 18:23:55.848 [restartedMain] INFO  [o.s.scheduling.quartz.LocalDataSourceJobStore] - Freed 0 triggers from 'acquired' / 'blocked' state.
2024-07-03 18:23:56.121 [restartedMain] INFO  [o.s.scheduling.quartz.LocalDataSourceJobStore] - Recovering 0 jobs that were in-progress at the time of the last shut-down.
2024-07-03 18:23:56.122 [restartedMain] INFO  [o.s.scheduling.quartz.LocalDataSourceJobStore] - Recovery complete.
2024-07-03 18:23:56.263 [restartedMain] INFO  [o.s.scheduling.quartz.LocalDataSourceJobStore] - Removed 0 'complete' triggers.
2024-07-03 18:23:56.357 [restartedMain] INFO  [o.s.scheduling.quartz.LocalDataSourceJobStore] - Removed 0 stale fired job entries.
2024-07-03 18:23:56.640 [restartedMain] INFO  [o.s.b.d.a.ConditionEvaluationDeltaLoggingListener] - Condition evaluation unchanged
2024-07-03 18:24:59.872 [File Watcher] INFO  [o.s.b.d.a.LocalDevToolsAutoConfiguration$RestartingClassPathChangeChangedEventListener] - Restarting due to 31 class path changes (0 additions, 0 deletions, 31 modifications)
2024-07-03 18:24:59.895 [Thread-8] INFO  [org.apache.catalina.core.StandardService] - Stopping service [Tomcat]
2024-07-03 18:24:59.903 [Thread-8] INFO  [o.s.scheduling.quartz.SchedulerFactoryBean] - Shutting down Quartz Scheduler
2024-07-03 18:25:00.193 [restartedMain] INFO  [o.s.boot.web.embedded.tomcat.TomcatWebServer] - Tomcat initialized with port(s): 9999 (http)
2024-07-03 18:25:00.193 [restartedMain] INFO  [org.apache.catalina.core.StandardService] - Starting service [Tomcat]
2024-07-03 18:25:00.193 [restartedMain] INFO  [org.apache.catalina.core.StandardEngine] - Starting Servlet engine: [Apache Tomcat/10.1.11]
2024-07-03 18:25:00.199 [restartedMain] INFO  [o.a.c.c.ContainerBase.[Tomcat-2].[localhost].[/]] - Initializing Spring embedded WebApplicationContext
2024-07-03 18:25:00.199 [restartedMain] INFO  [o.s.b.w.s.c.ServletWebServerApplicationContext] - Root WebApplicationContext: initialization completed in 199 ms
2024-07-03 18:25:06.826 [restartedMain] INFO  [o.s.scheduling.quartz.LocalDataSourceJobStore] - Using db table-based data access locking (synchronization).
2024-07-03 18:25:06.826 [restartedMain] INFO  [o.s.scheduling.quartz.LocalDataSourceJobStore] - JobStoreCMT initialized.
2024-07-03 18:25:07.544 [restartedMain] INFO  [o.s.b.actuate.endpoint.web.EndpointLinksResolver] - Exposing 1 endpoint(s) beneath base path '/actuator'
2024-07-03 18:25:07.560 [restartedMain] INFO  [o.s.security.web.DefaultSecurityFilterChain] - Will secure any request with [org.springframework.security.web.session.DisableEncodeUrlFilter@4b4fda7d, org.springframework.security.web.context.request.async.WebAsyncManagerIntegrationFilter@57cf9861, org.springframework.security.web.context.SecurityContextHolderFilter@424fc8dc, org.springframework.security.web.header.HeaderWriterFilter@1201a848, org.springframework.security.web.authentication.logout.LogoutFilter@7d62b880, com.redpig.security.filter.JwtAuthenticationTokenFilter@3b82e6c9, com.redpig.security.filter.LoginAuthenticationFilter@16af9964, org.springframework.security.web.authentication.UsernamePasswordAuthenticationFilter@2301d025, org.springframework.security.web.authentication.ui.DefaultLoginPageGeneratingFilter@b3755df, org.springframework.security.web.authentication.ui.DefaultLogoutPageGeneratingFilter@230625fe, org.springframework.security.web.savedrequest.RequestCacheAwareFilter@6ea491cc, org.springframework.security.web.servletapi.SecurityContextHolderAwareRequestFilter@14ebfce2, org.springframework.security.web.authentication.AnonymousAuthenticationFilter@8a1ad6f, org.springframework.security.web.access.ExceptionTranslationFilter@1b5c3d3f, org.springframework.security.web.access.intercept.AuthorizationFilter@78d6594]
2024-07-03 18:25:07.654 [restartedMain] INFO  [o.s.b.d.autoconfigure.OptionalLiveReloadServer] - LiveReload server is running on port 35729
2024-07-03 18:25:07.676 [restartedMain] INFO  [o.s.boot.web.embedded.tomcat.TomcatWebServer] - Tomcat started on port(s): 9999 (http) with context path ''
2024-07-03 18:25:07.676 [restartedMain] INFO  [o.s.scheduling.quartz.SchedulerFactoryBean] - Starting Quartz Scheduler now
2024-07-03 18:25:08.075 [restartedMain] INFO  [o.s.scheduling.quartz.LocalDataSourceJobStore] - Freed 0 triggers from 'acquired' / 'blocked' state.
2024-07-03 18:25:08.310 [restartedMain] INFO  [o.s.scheduling.quartz.LocalDataSourceJobStore] - Recovering 0 jobs that were in-progress at the time of the last shut-down.
2024-07-03 18:25:08.311 [restartedMain] INFO  [o.s.scheduling.quartz.LocalDataSourceJobStore] - Recovery complete.
2024-07-03 18:25:08.417 [restartedMain] INFO  [o.s.scheduling.quartz.LocalDataSourceJobStore] - Removed 0 'complete' triggers.
2024-07-03 18:25:08.514 [restartedMain] INFO  [o.s.scheduling.quartz.LocalDataSourceJobStore] - Removed 0 stale fired job entries.
2024-07-03 18:25:08.724 [restartedMain] INFO  [o.s.b.d.a.ConditionEvaluationDeltaLoggingListener] - Condition evaluation unchanged
2024-07-03 18:25:31.473 [File Watcher] INFO  [o.s.b.d.a.LocalDevToolsAutoConfiguration$RestartingClassPathChangeChangedEventListener] - Restarting due to 160 class path changes (0 additions, 0 deletions, 160 modifications)
2024-07-03 18:25:31.479 [Thread-19] INFO  [org.apache.catalina.core.StandardService] - Stopping service [Tomcat]
2024-07-03 18:25:31.483 [Thread-19] INFO  [o.s.scheduling.quartz.SchedulerFactoryBean] - Shutting down Quartz Scheduler
2024-07-03 18:25:31.766 [restartedMain] INFO  [o.s.boot.web.embedded.tomcat.TomcatWebServer] - Tomcat initialized with port(s): 9999 (http)
2024-07-03 18:25:31.766 [restartedMain] INFO  [org.apache.catalina.core.StandardService] - Starting service [Tomcat]
2024-07-03 18:25:31.766 [restartedMain] INFO  [org.apache.catalina.core.StandardEngine] - Starting Servlet engine: [Apache Tomcat/10.1.11]
2024-07-03 18:25:31.773 [restartedMain] INFO  [o.a.c.c.ContainerBase.[Tomcat-2].[localhost].[/]] - Initializing Spring embedded WebApplicationContext
2024-07-03 18:25:31.773 [restartedMain] INFO  [o.s.b.w.s.c.ServletWebServerApplicationContext] - Root WebApplicationContext: initialization completed in 205 ms
2024-07-03 18:25:39.618 [restartedMain] INFO  [o.s.scheduling.quartz.LocalDataSourceJobStore] - Using db table-based data access locking (synchronization).
2024-07-03 18:25:39.618 [restartedMain] INFO  [o.s.scheduling.quartz.LocalDataSourceJobStore] - JobStoreCMT initialized.
2024-07-03 18:25:40.292 [restartedMain] INFO  [o.s.b.actuate.endpoint.web.EndpointLinksResolver] - Exposing 1 endpoint(s) beneath base path '/actuator'
2024-07-03 18:25:40.307 [restartedMain] INFO  [o.s.security.web.DefaultSecurityFilterChain] - Will secure any request with [org.springframework.security.web.session.DisableEncodeUrlFilter@7781ba25, org.springframework.security.web.context.request.async.WebAsyncManagerIntegrationFilter@5329fcc5, org.springframework.security.web.context.SecurityContextHolderFilter@26528ee7, org.springframework.security.web.header.HeaderWriterFilter@5932e943, org.springframework.security.web.authentication.logout.LogoutFilter@2021439c, com.redpig.security.filter.JwtAuthenticationTokenFilter@21af8604, com.redpig.security.filter.LoginAuthenticationFilter@4da816f6, org.springframework.security.web.authentication.UsernamePasswordAuthenticationFilter@5d962fa8, org.springframework.security.web.authentication.ui.DefaultLoginPageGeneratingFilter@3bf65099, org.springframework.security.web.authentication.ui.DefaultLogoutPageGeneratingFilter@3782ddf4, org.springframework.security.web.savedrequest.RequestCacheAwareFilter@185627f9, org.springframework.security.web.servletapi.SecurityContextHolderAwareRequestFilter@75c0c793, org.springframework.security.web.authentication.AnonymousAuthenticationFilter@2bd1c015, org.springframework.security.web.access.ExceptionTranslationFilter@fbc58f8, org.springframework.security.web.access.intercept.AuthorizationFilter@5a551430]
2024-07-03 18:25:40.394 [restartedMain] INFO  [o.s.b.d.autoconfigure.OptionalLiveReloadServer] - LiveReload server is running on port 35729
2024-07-03 18:25:40.415 [restartedMain] INFO  [o.s.boot.web.embedded.tomcat.TomcatWebServer] - Tomcat started on port(s): 9999 (http) with context path ''
2024-07-03 18:25:40.416 [restartedMain] INFO  [o.s.scheduling.quartz.SchedulerFactoryBean] - Starting Quartz Scheduler now
2024-07-03 18:25:40.835 [restartedMain] INFO  [o.s.scheduling.quartz.LocalDataSourceJobStore] - Freed 0 triggers from 'acquired' / 'blocked' state.
2024-07-03 18:25:41.043 [restartedMain] INFO  [o.s.scheduling.quartz.LocalDataSourceJobStore] - Recovering 0 jobs that were in-progress at the time of the last shut-down.
2024-07-03 18:25:41.043 [restartedMain] INFO  [o.s.scheduling.quartz.LocalDataSourceJobStore] - Recovery complete.
2024-07-03 18:25:41.183 [restartedMain] INFO  [o.s.scheduling.quartz.LocalDataSourceJobStore] - Removed 0 'complete' triggers.
2024-07-03 18:25:41.283 [restartedMain] INFO  [o.s.scheduling.quartz.LocalDataSourceJobStore] - Removed 0 stale fired job entries.
2024-07-03 18:25:41.558 [restartedMain] INFO  [o.s.b.d.a.ConditionEvaluationDeltaLoggingListener] - Condition evaluation unchanged
2024-07-03 18:32:35.036 [SpringApplicationShutdownHook] INFO  [o.s.scheduling.quartz.SchedulerFactoryBean] - Shutting down Quartz Scheduler
2024-07-03 18:32:36.127 [restartedMain] INFO  [o.s.boot.devtools.restart.ChangeableUrls] - The Class-Path manifest attribute in /Users/wing/DevelopEnvironment/apache-maven-3.9.4/repository/xalan/xalan/2.7.2/xalan-2.7.2.jar referenced one or more files that do not exist: file:/Users/wing/DevelopEnvironment/apache-maven-3.9.4/repository/xalan/xalan/2.7.2/xercesImpl.jar,file:/Users/wing/DevelopEnvironment/apache-maven-3.9.4/repository/xalan/xalan/2.7.2/xml-apis.jar,file:/Users/wing/DevelopEnvironment/apache-maven-3.9.4/repository/xalan/xalan/2.7.2/serializer.jar
2024-07-03 18:32:36.127 [restartedMain] INFO  [o.s.boot.devtools.restart.ChangeableUrls] - The Class-Path manifest attribute in /Users/wing/DevelopEnvironment/apache-maven-3.9.4/repository/xalan/serializer/2.7.2/serializer-2.7.2.jar referenced one or more files that do not exist: file:/Users/wing/DevelopEnvironment/apache-maven-3.9.4/repository/xalan/serializer/2.7.2/xml-apis.jar
2024-07-03 18:32:36.128 [restartedMain] INFO  [o.s.b.d.env.DevToolsPropertyDefaultsPostProcessor] - Devtools property defaults active! Set 'spring.devtools.add-properties' to 'false' to disable
2024-07-03 18:32:36.128 [restartedMain] INFO  [o.s.b.d.env.DevToolsPropertyDefaultsPostProcessor] - For additional web related logging consider setting the 'logging.level.web' property to 'DEBUG'
2024-07-03 18:32:37.000 [restartedMain] INFO  [o.s.boot.web.embedded.tomcat.TomcatWebServer] - Tomcat initialized with port(s): 9999 (http)
2024-07-03 18:32:37.004 [restartedMain] INFO  [org.apache.catalina.core.StandardService] - Starting service [Tomcat]
2024-07-03 18:32:37.005 [restartedMain] INFO  [org.apache.catalina.core.StandardEngine] - Starting Servlet engine: [Apache Tomcat/10.1.11]
2024-07-03 18:32:37.035 [restartedMain] INFO  [o.a.c.core.ContainerBase.[Tomcat].[localhost].[/]] - Initializing Spring embedded WebApplicationContext
2024-07-03 18:32:37.035 [restartedMain] INFO  [o.s.b.w.s.c.ServletWebServerApplicationContext] - Root WebApplicationContext: initialization completed in 907 ms
2024-07-03 18:32:44.529 [restartedMain] INFO  [o.s.scheduling.quartz.LocalDataSourceJobStore] - Using db table-based data access locking (synchronization).
2024-07-03 18:32:44.531 [restartedMain] INFO  [o.s.scheduling.quartz.LocalDataSourceJobStore] - JobStoreCMT initialized.
2024-07-03 18:32:45.408 [restartedMain] INFO  [o.s.b.actuate.endpoint.web.EndpointLinksResolver] - Exposing 1 endpoint(s) beneath base path '/actuator'
2024-07-03 18:32:45.431 [restartedMain] INFO  [o.s.security.web.DefaultSecurityFilterChain] - Will secure any request with [org.springframework.security.web.session.DisableEncodeUrlFilter@6c40083, org.springframework.security.web.context.request.async.WebAsyncManagerIntegrationFilter@69fa3747, org.springframework.security.web.context.SecurityContextHolderFilter@31396b6a, org.springframework.security.web.header.HeaderWriterFilter@60590ff5, org.springframework.security.web.authentication.logout.LogoutFilter@e764d16, com.redpig.security.filter.JwtAuthenticationTokenFilter@682b6b71, com.redpig.security.filter.LoginAuthenticationFilter@101b9ad4, org.springframework.security.web.authentication.UsernamePasswordAuthenticationFilter@13390ac5, org.springframework.security.web.authentication.ui.DefaultLoginPageGeneratingFilter@6753c857, org.springframework.security.web.authentication.ui.DefaultLogoutPageGeneratingFilter@36fd404c, org.springframework.security.web.savedrequest.RequestCacheAwareFilter@79838db4, org.springframework.security.web.servletapi.SecurityContextHolderAwareRequestFilter@508f2d20, org.springframework.security.web.authentication.AnonymousAuthenticationFilter@e0509db, org.springframework.security.web.access.ExceptionTranslationFilter@5123ef4d, org.springframework.security.web.access.intercept.AuthorizationFilter@7719d355]
2024-07-03 18:32:45.592 [restartedMain] INFO  [o.s.b.d.autoconfigure.OptionalLiveReloadServer] - LiveReload server is running on port 35729
2024-07-03 18:32:45.638 [restartedMain] INFO  [o.s.boot.web.embedded.tomcat.TomcatWebServer] - Tomcat started on port(s): 9999 (http) with context path ''
2024-07-03 18:32:45.638 [restartedMain] INFO  [o.s.scheduling.quartz.SchedulerFactoryBean] - Starting Quartz Scheduler now
2024-07-03 18:32:46.198 [restartedMain] INFO  [o.s.scheduling.quartz.LocalDataSourceJobStore] - Freed 0 triggers from 'acquired' / 'blocked' state.
2024-07-03 18:32:46.446 [restartedMain] INFO  [o.s.scheduling.quartz.LocalDataSourceJobStore] - Recovering 0 jobs that were in-progress at the time of the last shut-down.
2024-07-03 18:32:46.447 [restartedMain] INFO  [o.s.scheduling.quartz.LocalDataSourceJobStore] - Recovery complete.
2024-07-03 18:32:46.557 [restartedMain] INFO  [o.s.scheduling.quartz.LocalDataSourceJobStore] - Removed 0 'complete' triggers.
2024-07-03 18:32:46.668 [restartedMain] INFO  [o.s.scheduling.quartz.LocalDataSourceJobStore] - Removed 0 stale fired job entries.
2024-07-03 18:32:47.196 [RMI TCP Connection(2)-192.168.3.244] INFO  [o.a.c.core.ContainerBase.[Tomcat].[localhost].[/]] - Initializing Spring DispatcherServlet 'dispatcherServlet'
2024-07-03 18:32:47.196 [RMI TCP Connection(2)-192.168.3.244] INFO  [org.springframework.web.servlet.DispatcherServlet] - Initializing Servlet 'dispatcherServlet'
2024-07-03 18:32:47.198 [RMI TCP Connection(2)-192.168.3.244] INFO  [org.springframework.web.servlet.DispatcherServlet] - Completed initialization in 1 ms
2024-07-03 18:39:41.549 [File Watcher] INFO  [o.s.b.d.a.LocalDevToolsAutoConfiguration$RestartingClassPathChangeChangedEventListener] - Restarting due to 1 class path change (1 addition, 0 deletions, 0 modifications)
2024-07-03 18:39:41.570 [Thread-5] INFO  [org.apache.catalina.core.StandardService] - Stopping service [Tomcat]
2024-07-03 18:39:41.572 [Thread-5] INFO  [o.a.c.core.ContainerBase.[Tomcat].[localhost].[/]] - Destroying Spring FrameworkServlet 'dispatcherServlet'
2024-07-03 18:39:41.584 [Thread-5] INFO  [o.s.scheduling.quartz.SchedulerFactoryBean] - Shutting down Quartz Scheduler
2024-07-03 18:39:41.862 [restartedMain] INFO  [o.s.boot.web.embedded.tomcat.TomcatWebServer] - Tomcat initialized with port(s): 9999 (http)
2024-07-03 18:39:41.862 [restartedMain] INFO  [org.apache.catalina.core.StandardService] - Starting service [Tomcat]
2024-07-03 18:39:41.863 [restartedMain] INFO  [org.apache.catalina.core.StandardEngine] - Starting Servlet engine: [Apache Tomcat/10.1.11]
2024-07-03 18:39:41.869 [restartedMain] INFO  [o.a.c.core.ContainerBase.[Tomcat].[localhost].[/]] - Initializing Spring embedded WebApplicationContext
2024-07-03 18:39:41.869 [restartedMain] INFO  [o.s.b.w.s.c.ServletWebServerApplicationContext] - Root WebApplicationContext: initialization completed in 222 ms
2024-07-03 18:39:49.590 [restartedMain] INFO  [o.s.scheduling.quartz.LocalDataSourceJobStore] - Using db table-based data access locking (synchronization).
2024-07-03 18:39:49.590 [restartedMain] INFO  [o.s.scheduling.quartz.LocalDataSourceJobStore] - JobStoreCMT initialized.
2024-07-03 18:39:50.275 [restartedMain] INFO  [o.s.b.actuate.endpoint.web.EndpointLinksResolver] - Exposing 1 endpoint(s) beneath base path '/actuator'
2024-07-03 18:39:50.291 [restartedMain] INFO  [o.s.security.web.DefaultSecurityFilterChain] - Will secure any request with [org.springframework.security.web.session.DisableEncodeUrlFilter@2c02e5e6, org.springframework.security.web.context.request.async.WebAsyncManagerIntegrationFilter@5039b00f, org.springframework.security.web.context.SecurityContextHolderFilter@62ffca65, org.springframework.security.web.header.HeaderWriterFilter@167fdfb4, org.springframework.security.web.authentication.logout.LogoutFilter@10b3a6e3, com.redpig.security.filter.JwtAuthenticationTokenFilter@370f80ec, com.redpig.security.filter.LoginAuthenticationFilter@48275a0c, org.springframework.security.web.authentication.UsernamePasswordAuthenticationFilter@218bdb8a, org.springframework.security.web.authentication.ui.DefaultLoginPageGeneratingFilter@29b722dc, org.springframework.security.web.authentication.ui.DefaultLogoutPageGeneratingFilter@7331ab3b, org.springframework.security.web.savedrequest.RequestCacheAwareFilter@16d678f6, org.springframework.security.web.servletapi.SecurityContextHolderAwareRequestFilter@415dd73c, org.springframework.security.web.authentication.AnonymousAuthenticationFilter@6e95d49a, org.springframework.security.web.access.ExceptionTranslationFilter@4c1369f1, org.springframework.security.web.access.intercept.AuthorizationFilter@2fc9031f]
2024-07-03 18:39:50.384 [restartedMain] INFO  [o.s.b.d.autoconfigure.OptionalLiveReloadServer] - LiveReload server is running on port 35729
2024-07-03 18:39:50.407 [restartedMain] INFO  [o.s.boot.web.embedded.tomcat.TomcatWebServer] - Tomcat started on port(s): 9999 (http) with context path ''
2024-07-03 18:39:50.407 [restartedMain] INFO  [o.s.scheduling.quartz.SchedulerFactoryBean] - Starting Quartz Scheduler now
2024-07-03 18:39:50.907 [restartedMain] INFO  [o.s.scheduling.quartz.LocalDataSourceJobStore] - Freed 0 triggers from 'acquired' / 'blocked' state.
2024-07-03 18:39:51.720 [restartedMain] INFO  [o.s.scheduling.quartz.LocalDataSourceJobStore] - Recovering 0 jobs that were in-progress at the time of the last shut-down.
2024-07-03 18:39:51.720 [restartedMain] INFO  [o.s.scheduling.quartz.LocalDataSourceJobStore] - Recovery complete.
2024-07-03 18:39:51.804 [File Watcher] INFO  [o.s.b.d.a.LocalDevToolsAutoConfiguration$RestartingClassPathChangeChangedEventListener] - Restarting due to 1 class path change (0 additions, 1 deletion, 0 modifications)
2024-07-03 18:39:51.830 [restartedMain] INFO  [o.s.scheduling.quartz.LocalDataSourceJobStore] - Removed 0 'complete' triggers.
2024-07-03 18:39:51.987 [restartedMain] INFO  [o.s.scheduling.quartz.LocalDataSourceJobStore] - Removed 0 stale fired job entries.
2024-07-03 18:39:52.228 [restartedMain] INFO  [o.s.b.d.a.ConditionEvaluationDeltaLoggingListener] - Condition evaluation unchanged
2024-07-03 18:39:52.228 [Thread-8] INFO  [org.apache.catalina.core.StandardService] - Stopping service [Tomcat]
2024-07-03 18:39:52.230 [Thread-8] INFO  [o.s.scheduling.quartz.SchedulerFactoryBean] - Shutting down Quartz Scheduler
2024-07-03 18:39:54.487 [restartedMain] INFO  [o.s.boot.web.embedded.tomcat.TomcatWebServer] - Tomcat initialized with port(s): 9999 (http)
2024-07-03 18:39:54.488 [restartedMain] INFO  [org.apache.catalina.core.StandardService] - Starting service [Tomcat]
2024-07-03 18:39:54.488 [restartedMain] INFO  [org.apache.catalina.core.StandardEngine] - Starting Servlet engine: [Apache Tomcat/10.1.11]
2024-07-03 18:39:54.494 [restartedMain] INFO  [o.a.c.core.ContainerBase.[Tomcat].[localhost].[/]] - Initializing Spring embedded WebApplicationContext
2024-07-03 18:39:54.494 [restartedMain] INFO  [o.s.b.w.s.c.ServletWebServerApplicationContext] - Root WebApplicationContext: initialization completed in 195 ms
2024-07-03 18:40:01.714 [restartedMain] INFO  [o.s.scheduling.quartz.LocalDataSourceJobStore] - Using db table-based data access locking (synchronization).
2024-07-03 18:40:01.714 [restartedMain] INFO  [o.s.scheduling.quartz.LocalDataSourceJobStore] - JobStoreCMT initialized.
2024-07-03 18:40:02.415 [restartedMain] INFO  [o.s.b.actuate.endpoint.web.EndpointLinksResolver] - Exposing 1 endpoint(s) beneath base path '/actuator'
2024-07-03 18:40:02.432 [restartedMain] INFO  [o.s.security.web.DefaultSecurityFilterChain] - Will secure any request with [org.springframework.security.web.session.DisableEncodeUrlFilter@50d92409, org.springframework.security.web.context.request.async.WebAsyncManagerIntegrationFilter@4eab8566, org.springframework.security.web.context.SecurityContextHolderFilter@444396f2, org.springframework.security.web.header.HeaderWriterFilter@7b347050, org.springframework.security.web.authentication.logout.LogoutFilter@33fd033e, com.redpig.security.filter.JwtAuthenticationTokenFilter@4e2a39c7, com.redpig.security.filter.LoginAuthenticationFilter@7463b148, org.springframework.security.web.authentication.UsernamePasswordAuthenticationFilter@be632b8, org.springframework.security.web.authentication.ui.DefaultLoginPageGeneratingFilter@776b5e17, org.springframework.security.web.authentication.ui.DefaultLogoutPageGeneratingFilter@6d832aa1, org.springframework.security.web.savedrequest.RequestCacheAwareFilter@3ab4d24a, org.springframework.security.web.servletapi.SecurityContextHolderAwareRequestFilter@2f851d47, org.springframework.security.web.authentication.AnonymousAuthenticationFilter@7f1112c2, org.springframework.security.web.access.ExceptionTranslationFilter@3f854427, org.springframework.security.web.access.intercept.AuthorizationFilter@19233440]
2024-07-03 18:40:02.527 [restartedMain] INFO  [o.s.b.d.autoconfigure.OptionalLiveReloadServer] - LiveReload server is running on port 35729
2024-07-03 18:40:02.551 [restartedMain] INFO  [o.s.boot.web.embedded.tomcat.TomcatWebServer] - Tomcat started on port(s): 9999 (http) with context path ''
2024-07-03 18:40:02.551 [restartedMain] INFO  [o.s.scheduling.quartz.SchedulerFactoryBean] - Starting Quartz Scheduler now
2024-07-03 18:40:02.974 [restartedMain] INFO  [o.s.scheduling.quartz.LocalDataSourceJobStore] - Freed 0 triggers from 'acquired' / 'blocked' state.
2024-07-03 18:40:03.273 [restartedMain] INFO  [o.s.scheduling.quartz.LocalDataSourceJobStore] - Recovering 0 jobs that were in-progress at the time of the last shut-down.
2024-07-03 18:40:03.273 [restartedMain] INFO  [o.s.scheduling.quartz.LocalDataSourceJobStore] - Recovery complete.
2024-07-03 18:40:03.429 [restartedMain] INFO  [o.s.scheduling.quartz.LocalDataSourceJobStore] - Removed 0 'complete' triggers.
2024-07-03 18:40:03.587 [restartedMain] INFO  [o.s.scheduling.quartz.LocalDataSourceJobStore] - Removed 0 stale fired job entries.
2024-07-03 18:40:04.005 [restartedMain] INFO  [o.s.b.d.a.ConditionEvaluationDeltaLoggingListener] - Condition evaluation unchanged
2024-07-03 18:40:12.284 [SpringApplicationShutdownHook] INFO  [o.s.scheduling.quartz.SchedulerFactoryBean] - Shutting down Quartz Scheduler
2024-07-03 18:40:14.519 [restartedMain] INFO  [o.s.boot.devtools.restart.ChangeableUrls] - The Class-Path manifest attribute in /Users/wing/DevelopEnvironment/apache-maven-3.9.4/repository/xalan/xalan/2.7.2/xalan-2.7.2.jar referenced one or more files that do not exist: file:/Users/wing/DevelopEnvironment/apache-maven-3.9.4/repository/xalan/xalan/2.7.2/xercesImpl.jar,file:/Users/wing/DevelopEnvironment/apache-maven-3.9.4/repository/xalan/xalan/2.7.2/xml-apis.jar,file:/Users/wing/DevelopEnvironment/apache-maven-3.9.4/repository/xalan/xalan/2.7.2/serializer.jar
2024-07-03 18:40:14.519 [restartedMain] INFO  [o.s.boot.devtools.restart.ChangeableUrls] - The Class-Path manifest attribute in /Users/wing/DevelopEnvironment/apache-maven-3.9.4/repository/xalan/serializer/2.7.2/serializer-2.7.2.jar referenced one or more files that do not exist: file:/Users/wing/DevelopEnvironment/apache-maven-3.9.4/repository/xalan/serializer/2.7.2/xml-apis.jar
2024-07-03 18:40:14.519 [restartedMain] INFO  [o.s.b.d.env.DevToolsPropertyDefaultsPostProcessor] - Devtools property defaults active! Set 'spring.devtools.add-properties' to 'false' to disable
2024-07-03 18:40:14.519 [restartedMain] INFO  [o.s.b.d.env.DevToolsPropertyDefaultsPostProcessor] - For additional web related logging consider setting the 'logging.level.web' property to 'DEBUG'
2024-07-03 18:40:15.288 [restartedMain] INFO  [o.s.boot.web.embedded.tomcat.TomcatWebServer] - Tomcat initialized with port(s): 9999 (http)
2024-07-03 18:40:15.292 [restartedMain] INFO  [org.apache.catalina.core.StandardService] - Starting service [Tomcat]
2024-07-03 18:40:15.292 [restartedMain] INFO  [org.apache.catalina.core.StandardEngine] - Starting Servlet engine: [Apache Tomcat/10.1.11]
2024-07-03 18:40:15.321 [restartedMain] INFO  [o.a.c.core.ContainerBase.[Tomcat].[localhost].[/]] - Initializing Spring embedded WebApplicationContext
2024-07-03 18:40:15.321 [restartedMain] INFO  [o.s.b.w.s.c.ServletWebServerApplicationContext] - Root WebApplicationContext: initialization completed in 802 ms
2024-07-03 18:40:22.355 [restartedMain] INFO  [o.s.scheduling.quartz.LocalDataSourceJobStore] - Using db table-based data access locking (synchronization).
2024-07-03 18:40:22.356 [restartedMain] INFO  [o.s.scheduling.quartz.LocalDataSourceJobStore] - JobStoreCMT initialized.
2024-07-03 18:40:23.194 [restartedMain] INFO  [o.s.b.actuate.endpoint.web.EndpointLinksResolver] - Exposing 1 endpoint(s) beneath base path '/actuator'
2024-07-03 18:40:23.218 [restartedMain] INFO  [o.s.security.web.DefaultSecurityFilterChain] - Will secure any request with [org.springframework.security.web.session.DisableEncodeUrlFilter@166b5291, org.springframework.security.web.context.request.async.WebAsyncManagerIntegrationFilter@1cf41062, org.springframework.security.web.context.SecurityContextHolderFilter@23e46ac4, org.springframework.security.web.header.HeaderWriterFilter@56dfc84d, org.springframework.security.web.authentication.logout.LogoutFilter@2ebdc91, com.redpig.security.filter.JwtAuthenticationTokenFilter@1515f207, com.redpig.security.filter.LoginAuthenticationFilter@10e4e9ee, org.springframework.security.web.authentication.UsernamePasswordAuthenticationFilter@66531272, org.springframework.security.web.authentication.ui.DefaultLoginPageGeneratingFilter@2ced86f1, org.springframework.security.web.authentication.ui.DefaultLogoutPageGeneratingFilter@5c57ceb9, org.springframework.security.web.savedrequest.RequestCacheAwareFilter@1d0f8917, org.springframework.security.web.servletapi.SecurityContextHolderAwareRequestFilter@2491e373, org.springframework.security.web.authentication.AnonymousAuthenticationFilter@609cb251, org.springframework.security.web.access.ExceptionTranslationFilter@28d5c541, org.springframework.security.web.access.intercept.AuthorizationFilter@2539c1ff]
2024-07-03 18:40:23.379 [restartedMain] INFO  [o.s.b.d.autoconfigure.OptionalLiveReloadServer] - LiveReload server is running on port 35729
2024-07-03 18:40:23.425 [restartedMain] INFO  [o.s.boot.web.embedded.tomcat.TomcatWebServer] - Tomcat started on port(s): 9999 (http) with context path ''
2024-07-03 18:40:23.425 [restartedMain] INFO  [o.s.scheduling.quartz.SchedulerFactoryBean] - Starting Quartz Scheduler now
2024-07-03 18:40:24.003 [restartedMain] INFO  [o.s.scheduling.quartz.LocalDataSourceJobStore] - Freed 0 triggers from 'acquired' / 'blocked' state.
2024-07-03 18:40:24.187 [restartedMain] INFO  [o.s.scheduling.quartz.LocalDataSourceJobStore] - Recovering 0 jobs that were in-progress at the time of the last shut-down.
2024-07-03 18:40:24.187 [restartedMain] INFO  [o.s.scheduling.quartz.LocalDataSourceJobStore] - Recovery complete.
2024-07-03 18:40:24.260 [restartedMain] INFO  [o.s.scheduling.quartz.LocalDataSourceJobStore] - Removed 0 'complete' triggers.
2024-07-03 18:40:24.357 [restartedMain] INFO  [o.s.scheduling.quartz.LocalDataSourceJobStore] - Removed 0 stale fired job entries.
2024-07-03 18:40:25.038 [RMI TCP Connection(1)-127.0.0.1] INFO  [o.a.c.core.ContainerBase.[Tomcat].[localhost].[/]] - Initializing Spring DispatcherServlet 'dispatcherServlet'
2024-07-03 18:40:25.039 [RMI TCP Connection(1)-127.0.0.1] INFO  [org.springframework.web.servlet.DispatcherServlet] - Initializing Servlet 'dispatcherServlet'
2024-07-03 18:40:25.039 [RMI TCP Connection(1)-127.0.0.1] INFO  [org.springframework.web.servlet.DispatcherServlet] - Completed initialization in 0 ms
2024-07-03 18:40:31.823 [SpringApplicationShutdownHook] INFO  [o.s.scheduling.quartz.SchedulerFactoryBean] - Shutting down Quartz Scheduler
2024-07-03 18:40:34.014 [restartedMain] INFO  [o.s.boot.devtools.restart.ChangeableUrls] - The Class-Path manifest attribute in /Users/wing/DevelopEnvironment/apache-maven-3.9.4/repository/xalan/xalan/2.7.2/xalan-2.7.2.jar referenced one or more files that do not exist: file:/Users/wing/DevelopEnvironment/apache-maven-3.9.4/repository/xalan/xalan/2.7.2/xercesImpl.jar,file:/Users/wing/DevelopEnvironment/apache-maven-3.9.4/repository/xalan/xalan/2.7.2/xml-apis.jar,file:/Users/wing/DevelopEnvironment/apache-maven-3.9.4/repository/xalan/xalan/2.7.2/serializer.jar
2024-07-03 18:40:34.014 [restartedMain] INFO  [o.s.boot.devtools.restart.ChangeableUrls] - The Class-Path manifest attribute in /Users/wing/DevelopEnvironment/apache-maven-3.9.4/repository/xalan/serializer/2.7.2/serializer-2.7.2.jar referenced one or more files that do not exist: file:/Users/wing/DevelopEnvironment/apache-maven-3.9.4/repository/xalan/serializer/2.7.2/xml-apis.jar
2024-07-03 18:40:34.014 [restartedMain] INFO  [o.s.b.d.env.DevToolsPropertyDefaultsPostProcessor] - Devtools property defaults active! Set 'spring.devtools.add-properties' to 'false' to disable
2024-07-03 18:40:34.014 [restartedMain] INFO  [o.s.b.d.env.DevToolsPropertyDefaultsPostProcessor] - For additional web related logging consider setting the 'logging.level.web' property to 'DEBUG'
2024-07-03 18:40:34.865 [restartedMain] INFO  [o.s.boot.web.embedded.tomcat.TomcatWebServer] - Tomcat initialized with port(s): 9999 (http)
2024-07-03 18:40:34.869 [restartedMain] INFO  [org.apache.catalina.core.StandardService] - Starting service [Tomcat]
2024-07-03 18:40:34.869 [restartedMain] INFO  [org.apache.catalina.core.StandardEngine] - Starting Servlet engine: [Apache Tomcat/10.1.11]
2024-07-03 18:40:34.894 [restartedMain] INFO  [o.a.c.core.ContainerBase.[Tomcat].[localhost].[/]] - Initializing Spring embedded WebApplicationContext
2024-07-03 18:40:34.895 [restartedMain] INFO  [o.s.b.w.s.c.ServletWebServerApplicationContext] - Root WebApplicationContext: initialization completed in 879 ms
2024-07-03 18:40:43.122 [restartedMain] INFO  [o.s.scheduling.quartz.LocalDataSourceJobStore] - Using db table-based data access locking (synchronization).
2024-07-03 18:40:43.124 [restartedMain] INFO  [o.s.scheduling.quartz.LocalDataSourceJobStore] - JobStoreCMT initialized.
2024-07-03 18:40:44.058 [restartedMain] INFO  [o.s.b.actuate.endpoint.web.EndpointLinksResolver] - Exposing 1 endpoint(s) beneath base path '/actuator'
2024-07-03 18:40:44.083 [restartedMain] INFO  [o.s.security.web.DefaultSecurityFilterChain] - Will secure any request with [org.springframework.security.web.session.DisableEncodeUrlFilter@9f1fa53, org.springframework.security.web.context.request.async.WebAsyncManagerIntegrationFilter@380d2003, org.springframework.security.web.context.SecurityContextHolderFilter@23417503, org.springframework.security.web.header.HeaderWriterFilter@301f4151, org.springframework.security.web.authentication.logout.LogoutFilter@18a63487, com.redpig.security.filter.JwtAuthenticationTokenFilter@57faa2ad, com.redpig.security.filter.LoginAuthenticationFilter@587aa82c, org.springframework.security.web.authentication.UsernamePasswordAuthenticationFilter@4d502b36, org.springframework.security.web.authentication.ui.DefaultLoginPageGeneratingFilter@5e983d4c, org.springframework.security.web.authentication.ui.DefaultLogoutPageGeneratingFilter@5e5ff212, org.springframework.security.web.savedrequest.RequestCacheAwareFilter@460f8891, org.springframework.security.web.servletapi.SecurityContextHolderAwareRequestFilter@89da882, org.springframework.security.web.authentication.AnonymousAuthenticationFilter@f83dce2, org.springframework.security.web.access.ExceptionTranslationFilter@61ea5453, org.springframework.security.web.access.intercept.AuthorizationFilter@64ac0479]
2024-07-03 18:40:44.257 [restartedMain] INFO  [o.s.b.d.autoconfigure.OptionalLiveReloadServer] - LiveReload server is running on port 35729
2024-07-03 18:40:44.309 [restartedMain] INFO  [o.s.boot.web.embedded.tomcat.TomcatWebServer] - Tomcat started on port(s): 9999 (http) with context path ''
2024-07-03 18:40:44.310 [restartedMain] INFO  [o.s.scheduling.quartz.SchedulerFactoryBean] - Starting Quartz Scheduler now
2024-07-03 18:40:44.858 [restartedMain] INFO  [o.s.scheduling.quartz.LocalDataSourceJobStore] - Freed 0 triggers from 'acquired' / 'blocked' state.
2024-07-03 18:40:45.118 [restartedMain] INFO  [o.s.scheduling.quartz.LocalDataSourceJobStore] - Recovering 0 jobs that were in-progress at the time of the last shut-down.
2024-07-03 18:40:45.119 [restartedMain] INFO  [o.s.scheduling.quartz.LocalDataSourceJobStore] - Recovery complete.
2024-07-03 18:40:45.221 [restartedMain] INFO  [o.s.scheduling.quartz.LocalDataSourceJobStore] - Removed 0 'complete' triggers.
2024-07-03 18:40:45.331 [restartedMain] INFO  [o.s.scheduling.quartz.LocalDataSourceJobStore] - Removed 0 stale fired job entries.
2024-07-03 18:40:45.897 [RMI TCP Connection(2)-127.0.0.1] INFO  [o.a.c.core.ContainerBase.[Tomcat].[localhost].[/]] - Initializing Spring DispatcherServlet 'dispatcherServlet'
2024-07-03 18:40:45.897 [RMI TCP Connection(2)-127.0.0.1] INFO  [org.springframework.web.servlet.DispatcherServlet] - Initializing Servlet 'dispatcherServlet'
2024-07-03 18:40:45.898 [RMI TCP Connection(2)-127.0.0.1] INFO  [org.springframework.web.servlet.DispatcherServlet] - Completed initialization in 1 ms
2024-07-03 18:41:18.840 [SpringApplicationShutdownHook] INFO  [o.s.scheduling.quartz.SchedulerFactoryBean] - Shutting down Quartz Scheduler
2024-07-03 18:41:21.195 [restartedMain] INFO  [o.s.boot.devtools.restart.ChangeableUrls] - The Class-Path manifest attribute in /Users/wing/DevelopEnvironment/apache-maven-3.9.4/repository/xalan/xalan/2.7.2/xalan-2.7.2.jar referenced one or more files that do not exist: file:/Users/wing/DevelopEnvironment/apache-maven-3.9.4/repository/xalan/xalan/2.7.2/xercesImpl.jar,file:/Users/wing/DevelopEnvironment/apache-maven-3.9.4/repository/xalan/xalan/2.7.2/xml-apis.jar,file:/Users/wing/DevelopEnvironment/apache-maven-3.9.4/repository/xalan/xalan/2.7.2/serializer.jar
2024-07-03 18:41:21.195 [restartedMain] INFO  [o.s.boot.devtools.restart.ChangeableUrls] - The Class-Path manifest attribute in /Users/wing/DevelopEnvironment/apache-maven-3.9.4/repository/xalan/serializer/2.7.2/serializer-2.7.2.jar referenced one or more files that do not exist: file:/Users/wing/DevelopEnvironment/apache-maven-3.9.4/repository/xalan/serializer/2.7.2/xml-apis.jar
2024-07-03 18:41:21.195 [restartedMain] INFO  [o.s.b.d.env.DevToolsPropertyDefaultsPostProcessor] - Devtools property defaults active! Set 'spring.devtools.add-properties' to 'false' to disable
2024-07-03 18:41:21.195 [restartedMain] INFO  [o.s.b.d.env.DevToolsPropertyDefaultsPostProcessor] - For additional web related logging consider setting the 'logging.level.web' property to 'DEBUG'
2024-07-03 18:41:22.011 [restartedMain] INFO  [o.s.boot.web.embedded.tomcat.TomcatWebServer] - Tomcat initialized with port(s): 9999 (http)
2024-07-03 18:41:22.015 [restartedMain] INFO  [org.apache.catalina.core.StandardService] - Starting service [Tomcat]
2024-07-03 18:41:22.015 [restartedMain] INFO  [org.apache.catalina.core.StandardEngine] - Starting Servlet engine: [Apache Tomcat/10.1.11]
2024-07-03 18:41:22.039 [restartedMain] INFO  [o.a.c.core.ContainerBase.[Tomcat].[localhost].[/]] - Initializing Spring embedded WebApplicationContext
2024-07-03 18:41:22.039 [restartedMain] INFO  [o.s.b.w.s.c.ServletWebServerApplicationContext] - Root WebApplicationContext: initialization completed in 844 ms
2024-07-03 18:41:29.046 [restartedMain] INFO  [o.s.scheduling.quartz.LocalDataSourceJobStore] - Using db table-based data access locking (synchronization).
2024-07-03 18:41:29.048 [restartedMain] INFO  [o.s.scheduling.quartz.LocalDataSourceJobStore] - JobStoreCMT initialized.
2024-07-03 18:41:29.904 [restartedMain] INFO  [o.s.b.actuate.endpoint.web.EndpointLinksResolver] - Exposing 1 endpoint(s) beneath base path '/actuator'
2024-07-03 18:41:29.930 [restartedMain] INFO  [o.s.security.web.DefaultSecurityFilterChain] - Will secure any request with [org.springframework.security.web.session.DisableEncodeUrlFilter@157ab9c4, org.springframework.security.web.context.request.async.WebAsyncManagerIntegrationFilter@5b08446d, org.springframework.security.web.context.SecurityContextHolderFilter@62e0ed09, org.springframework.security.web.header.HeaderWriterFilter@2ef43469, org.springframework.security.web.authentication.logout.LogoutFilter@1aef5340, com.redpig.security.filter.JwtAuthenticationTokenFilter@f1e8a7d, com.redpig.security.filter.LoginAuthenticationFilter@2841f5d3, org.springframework.security.web.authentication.UsernamePasswordAuthenticationFilter@6f5079e3, org.springframework.security.web.authentication.ui.DefaultLoginPageGeneratingFilter@cabdcdc, org.springframework.security.web.authentication.ui.DefaultLogoutPageGeneratingFilter@68b5cd86, org.springframework.security.web.savedrequest.RequestCacheAwareFilter@6ef47663, org.springframework.security.web.servletapi.SecurityContextHolderAwareRequestFilter@1c1a7e4d, org.springframework.security.web.authentication.AnonymousAuthenticationFilter@7187d7d1, org.springframework.security.web.access.ExceptionTranslationFilter@3b4a5a15, org.springframework.security.web.access.intercept.AuthorizationFilter@1c7b1483]
2024-07-03 18:41:30.114 [restartedMain] INFO  [o.s.b.d.autoconfigure.OptionalLiveReloadServer] - LiveReload server is running on port 35729
2024-07-03 18:41:30.165 [restartedMain] INFO  [o.s.boot.web.embedded.tomcat.TomcatWebServer] - Tomcat started on port(s): 9999 (http) with context path ''
2024-07-03 18:41:30.166 [restartedMain] INFO  [o.s.scheduling.quartz.SchedulerFactoryBean] - Starting Quartz Scheduler now
2024-07-03 18:41:30.704 [restartedMain] INFO  [o.s.scheduling.quartz.LocalDataSourceJobStore] - Freed 0 triggers from 'acquired' / 'blocked' state.
2024-07-03 18:41:30.928 [restartedMain] INFO  [o.s.scheduling.quartz.LocalDataSourceJobStore] - Recovering 0 jobs that were in-progress at the time of the last shut-down.
2024-07-03 18:41:30.929 [restartedMain] INFO  [o.s.scheduling.quartz.LocalDataSourceJobStore] - Recovery complete.
2024-07-03 18:41:31.025 [restartedMain] INFO  [o.s.scheduling.quartz.LocalDataSourceJobStore] - Removed 0 'complete' triggers.
2024-07-03 18:41:31.133 [restartedMain] INFO  [o.s.scheduling.quartz.LocalDataSourceJobStore] - Removed 0 stale fired job entries.
2024-07-03 18:41:31.600 [RMI TCP Connection(2)-127.0.0.1] INFO  [o.a.c.core.ContainerBase.[Tomcat].[localhost].[/]] - Initializing Spring DispatcherServlet 'dispatcherServlet'
2024-07-03 18:41:31.600 [RMI TCP Connection(2)-127.0.0.1] INFO  [org.springframework.web.servlet.DispatcherServlet] - Initializing Servlet 'dispatcherServlet'
2024-07-03 18:41:31.601 [RMI TCP Connection(2)-127.0.0.1] INFO  [org.springframework.web.servlet.DispatcherServlet] - Completed initialization in 1 ms
2024-07-03 18:41:49.843 [File Watcher] INFO  [o.s.b.d.a.LocalDevToolsAutoConfiguration$RestartingClassPathChangeChangedEventListener] - Restarting due to 192 class path changes (0 additions, 192 deletions, 0 modifications)
2024-07-03 18:41:49.848 [Thread-5] INFO  [org.apache.catalina.core.StandardService] - Stopping service [Tomcat]
2024-07-03 18:41:49.849 [Thread-5] INFO  [o.a.c.core.ContainerBase.[Tomcat].[localhost].[/]] - Destroying Spring FrameworkServlet 'dispatcherServlet'
2024-07-03 18:41:49.855 [Thread-5] INFO  [o.s.scheduling.quartz.SchedulerFactoryBean] - Shutting down Quartz Scheduler
2024-07-03 18:41:52.981 [restartedMain] INFO  [o.s.boot.web.embedded.tomcat.TomcatWebServer] - Tomcat initialized with port(s): 9999 (http)
2024-07-03 18:41:52.982 [restartedMain] INFO  [org.apache.catalina.core.StandardService] - Starting service [Tomcat]
2024-07-03 18:41:52.982 [restartedMain] INFO  [org.apache.catalina.core.StandardEngine] - Starting Servlet engine: [Apache Tomcat/10.1.11]
2024-07-03 18:41:52.990 [restartedMain] INFO  [o.a.c.c.ContainerBase.[Tomcat-1].[localhost].[/]] - Initializing Spring embedded WebApplicationContext
2024-07-03 18:41:52.990 [restartedMain] INFO  [o.s.b.w.s.c.ServletWebServerApplicationContext] - Root WebApplicationContext: initialization completed in 201 ms
2024-07-03 18:41:53.307 [restartedMain] INFO  [org.apache.catalina.core.StandardService] - Stopping service [Tomcat]
2024-07-03 18:41:53.315 [restartedMain] INFO  [o.s.b.a.logging.ConditionEvaluationReportLogger] - 

Error starting ApplicationContext. To display the condition evaluation report re-run your application with 'debug' enabled.
2024-07-03 18:41:55.450 [restartedMain] INFO  [o.s.boot.web.embedded.tomcat.TomcatWebServer] - Tomcat initialized with port(s): 9999 (http)
2024-07-03 18:41:55.451 [restartedMain] INFO  [org.apache.catalina.core.StandardService] - Starting service [Tomcat]
2024-07-03 18:41:55.451 [restartedMain] INFO  [org.apache.catalina.core.StandardEngine] - Starting Servlet engine: [Apache Tomcat/10.1.11]
2024-07-03 18:41:55.458 [restartedMain] INFO  [o.a.c.c.ContainerBase.[Tomcat-2].[localhost].[/]] - Initializing Spring embedded WebApplicationContext
2024-07-03 18:41:55.458 [restartedMain] INFO  [o.s.b.w.s.c.ServletWebServerApplicationContext] - Root WebApplicationContext: initialization completed in 294 ms
2024-07-03 18:42:02.232 [restartedMain] INFO  [o.s.scheduling.quartz.LocalDataSourceJobStore] - Using db table-based data access locking (synchronization).
2024-07-03 18:42:02.233 [restartedMain] INFO  [o.s.scheduling.quartz.LocalDataSourceJobStore] - JobStoreCMT initialized.
2024-07-03 18:42:02.969 [restartedMain] INFO  [o.s.b.actuate.endpoint.web.EndpointLinksResolver] - Exposing 1 endpoint(s) beneath base path '/actuator'
2024-07-03 18:42:02.986 [restartedMain] INFO  [o.s.security.web.DefaultSecurityFilterChain] - Will secure any request with [org.springframework.security.web.session.DisableEncodeUrlFilter@2c24267c, org.springframework.security.web.context.request.async.WebAsyncManagerIntegrationFilter@3f7be17b, org.springframework.security.web.context.SecurityContextHolderFilter@6b9fedb, org.springframework.security.web.header.HeaderWriterFilter@77ce0b71, org.springframework.security.web.authentication.logout.LogoutFilter@515ae188, com.redpig.security.filter.JwtAuthenticationTokenFilter@7804db84, com.redpig.security.filter.LoginAuthenticationFilter@745c1c93, org.springframework.security.web.authentication.UsernamePasswordAuthenticationFilter@2a74d41b, org.springframework.security.web.authentication.ui.DefaultLoginPageGeneratingFilter@3fc52f78, org.springframework.security.web.authentication.ui.DefaultLogoutPageGeneratingFilter@7946c3a2, org.springframework.security.web.savedrequest.RequestCacheAwareFilter@587ff83d, org.springframework.security.web.servletapi.SecurityContextHolderAwareRequestFilter@38d73e90, org.springframework.security.web.authentication.AnonymousAuthenticationFilter@195685c8, org.springframework.security.web.access.ExceptionTranslationFilter@69212d37, org.springframework.security.web.access.intercept.AuthorizationFilter@46d03d05]
2024-07-03 18:42:03.089 [restartedMain] INFO  [o.s.b.d.autoconfigure.OptionalLiveReloadServer] - LiveReload server is running on port 35729
2024-07-03 18:42:03.115 [restartedMain] INFO  [o.s.boot.web.embedded.tomcat.TomcatWebServer] - Tomcat started on port(s): 9999 (http) with context path ''
2024-07-03 18:42:03.115 [restartedMain] INFO  [o.s.scheduling.quartz.SchedulerFactoryBean] - Starting Quartz Scheduler now
2024-07-03 18:42:03.725 [restartedMain] INFO  [o.s.scheduling.quartz.LocalDataSourceJobStore] - Freed 0 triggers from 'acquired' / 'blocked' state.
2024-07-03 18:42:04.000 [restartedMain] INFO  [o.s.scheduling.quartz.LocalDataSourceJobStore] - Recovering 0 jobs that were in-progress at the time of the last shut-down.
2024-07-03 18:42:04.000 [restartedMain] INFO  [o.s.scheduling.quartz.LocalDataSourceJobStore] - Recovery complete.
2024-07-03 18:42:04.109 [restartedMain] INFO  [o.s.scheduling.quartz.LocalDataSourceJobStore] - Removed 0 'complete' triggers.
2024-07-03 18:42:04.236 [restartedMain] INFO  [o.s.scheduling.quartz.LocalDataSourceJobStore] - Removed 0 stale fired job entries.
2024-07-03 18:42:04.492 [restartedMain] INFO  [o.s.b.d.a.ConditionEvaluationDeltaLoggingListener] - Condition evaluation unchanged
2024-07-03 18:42:10.585 [File Watcher] INFO  [o.s.b.d.a.LocalDevToolsAutoConfiguration$RestartingClassPathChangeChangedEventListener] - Restarting due to 31 class path changes (0 additions, 0 deletions, 31 modifications)
2024-07-03 18:42:10.588 [Thread-8] INFO  [org.apache.catalina.core.StandardService] - Stopping service [Tomcat]
2024-07-03 18:42:10.590 [Thread-8] INFO  [o.s.scheduling.quartz.SchedulerFactoryBean] - Shutting down Quartz Scheduler
2024-07-03 18:42:11.934 [restartedMain] INFO  [o.s.boot.web.embedded.tomcat.TomcatWebServer] - Tomcat initialized with port(s): 9999 (http)
2024-07-03 18:42:11.934 [restartedMain] INFO  [org.apache.catalina.core.StandardService] - Starting service [Tomcat]
2024-07-03 18:42:11.935 [restartedMain] INFO  [org.apache.catalina.core.StandardEngine] - Starting Servlet engine: [Apache Tomcat/10.1.11]
2024-07-03 18:42:11.942 [restartedMain] INFO  [o.a.c.c.ContainerBase.[Tomcat-2].[localhost].[/]] - Initializing Spring embedded WebApplicationContext
2024-07-03 18:42:11.942 [restartedMain] INFO  [o.s.b.w.s.c.ServletWebServerApplicationContext] - Root WebApplicationContext: initialization completed in 390 ms
2024-07-03 18:42:19.282 [restartedMain] INFO  [o.s.scheduling.quartz.LocalDataSourceJobStore] - Using db table-based data access locking (synchronization).
2024-07-03 18:42:19.282 [restartedMain] INFO  [o.s.scheduling.quartz.LocalDataSourceJobStore] - JobStoreCMT initialized.
2024-07-03 18:42:20.035 [restartedMain] INFO  [o.s.b.actuate.endpoint.web.EndpointLinksResolver] - Exposing 1 endpoint(s) beneath base path '/actuator'
2024-07-03 18:42:20.052 [restartedMain] INFO  [o.s.security.web.DefaultSecurityFilterChain] - Will secure any request with [org.springframework.security.web.session.DisableEncodeUrlFilter@689ffa12, org.springframework.security.web.context.request.async.WebAsyncManagerIntegrationFilter@3529f688, org.springframework.security.web.context.SecurityContextHolderFilter@3a0a557d, org.springframework.security.web.header.HeaderWriterFilter@2c22b8d5, org.springframework.security.web.authentication.logout.LogoutFilter@a8b0036, com.redpig.security.filter.JwtAuthenticationTokenFilter@17cb1d6c, com.redpig.security.filter.LoginAuthenticationFilter@1336c1ee, org.springframework.security.web.authentication.UsernamePasswordAuthenticationFilter@3ac7d7cc, org.springframework.security.web.authentication.ui.DefaultLoginPageGeneratingFilter@30bed5fd, org.springframework.security.web.authentication.ui.DefaultLogoutPageGeneratingFilter@4eee6f0, org.springframework.security.web.savedrequest.RequestCacheAwareFilter@3ffdaa78, org.springframework.security.web.servletapi.SecurityContextHolderAwareRequestFilter@9e32004, org.springframework.security.web.authentication.AnonymousAuthenticationFilter@7e09dd53, org.springframework.security.web.access.ExceptionTranslationFilter@1a8585b6, org.springframework.security.web.access.intercept.AuthorizationFilter@5c2fcdec]
2024-07-03 18:42:20.150 [restartedMain] INFO  [o.s.b.d.autoconfigure.OptionalLiveReloadServer] - LiveReload server is running on port 35729
2024-07-03 18:42:20.173 [restartedMain] INFO  [o.s.boot.web.embedded.tomcat.TomcatWebServer] - Tomcat started on port(s): 9999 (http) with context path ''
2024-07-03 18:42:20.174 [restartedMain] INFO  [o.s.scheduling.quartz.SchedulerFactoryBean] - Starting Quartz Scheduler now
2024-07-03 18:42:20.734 [restartedMain] INFO  [o.s.scheduling.quartz.LocalDataSourceJobStore] - Freed 0 triggers from 'acquired' / 'blocked' state.
2024-07-03 18:42:20.945 [restartedMain] INFO  [o.s.scheduling.quartz.LocalDataSourceJobStore] - Recovering 0 jobs that were in-progress at the time of the last shut-down.
2024-07-03 18:42:20.945 [restartedMain] INFO  [o.s.scheduling.quartz.LocalDataSourceJobStore] - Recovery complete.
2024-07-03 18:42:21.098 [restartedMain] INFO  [o.s.scheduling.quartz.LocalDataSourceJobStore] - Removed 0 'complete' triggers.
2024-07-03 18:42:21.226 [restartedMain] INFO  [o.s.scheduling.quartz.LocalDataSourceJobStore] - Removed 0 stale fired job entries.
2024-07-03 18:42:21.462 [restartedMain] INFO  [o.s.b.d.a.ConditionEvaluationDeltaLoggingListener] - Condition evaluation unchanged
2024-07-03 18:43:04.357 [File Watcher] INFO  [o.s.b.d.a.LocalDevToolsAutoConfiguration$RestartingClassPathChangeChangedEventListener] - Restarting due to 1 class path change (0 additions, 1 deletion, 0 modifications)
2024-07-03 18:43:04.363 [Thread-19] INFO  [org.apache.catalina.core.StandardService] - Stopping service [Tomcat]
2024-07-03 18:43:04.367 [Thread-19] INFO  [o.s.scheduling.quartz.SchedulerFactoryBean] - Shutting down Quartz Scheduler
2024-07-03 18:43:04.633 [restartedMain] INFO  [o.s.boot.web.embedded.tomcat.TomcatWebServer] - Tomcat initialized with port(s): 9999 (http)
2024-07-03 18:43:04.633 [restartedMain] INFO  [org.apache.catalina.core.StandardService] - Starting service [Tomcat]
2024-07-03 18:43:04.633 [restartedMain] INFO  [org.apache.catalina.core.StandardEngine] - Starting Servlet engine: [Apache Tomcat/10.1.11]
2024-07-03 18:43:04.640 [restartedMain] INFO  [o.a.c.c.ContainerBase.[Tomcat-2].[localhost].[/]] - Initializing Spring embedded WebApplicationContext
2024-07-03 18:43:04.640 [restartedMain] INFO  [o.s.b.w.s.c.ServletWebServerApplicationContext] - Root WebApplicationContext: initialization completed in 210 ms
2024-07-03 18:43:11.165 [restartedMain] INFO  [o.s.scheduling.quartz.LocalDataSourceJobStore] - Using db table-based data access locking (synchronization).
2024-07-03 18:43:11.166 [restartedMain] INFO  [o.s.scheduling.quartz.LocalDataSourceJobStore] - JobStoreCMT initialized.
2024-07-03 18:43:11.874 [restartedMain] INFO  [o.s.b.actuate.endpoint.web.EndpointLinksResolver] - Exposing 1 endpoint(s) beneath base path '/actuator'
2024-07-03 18:43:11.889 [restartedMain] INFO  [o.s.security.web.DefaultSecurityFilterChain] - Will secure any request with [org.springframework.security.web.session.DisableEncodeUrlFilter@476a01a7, org.springframework.security.web.context.request.async.WebAsyncManagerIntegrationFilter@55150d99, org.springframework.security.web.context.SecurityContextHolderFilter@36f1a0ae, org.springframework.security.web.header.HeaderWriterFilter@5dfd7b92, org.springframework.security.web.authentication.logout.LogoutFilter@7738b9cc, com.redpig.security.filter.JwtAuthenticationTokenFilter@1d408d53, com.redpig.security.filter.LoginAuthenticationFilter@19eab8f4, org.springframework.security.web.authentication.UsernamePasswordAuthenticationFilter@75ae3007, org.springframework.security.web.authentication.ui.DefaultLoginPageGeneratingFilter@241d82fb, org.springframework.security.web.authentication.ui.DefaultLogoutPageGeneratingFilter@e1ae557, org.springframework.security.web.savedrequest.RequestCacheAwareFilter@56d7caaa, org.springframework.security.web.servletapi.SecurityContextHolderAwareRequestFilter@128a4ad3, org.springframework.security.web.authentication.AnonymousAuthenticationFilter@739e48c8, org.springframework.security.web.access.ExceptionTranslationFilter@648403a0, org.springframework.security.web.access.intercept.AuthorizationFilter@7fe6ef7f]
2024-07-03 18:43:11.977 [restartedMain] INFO  [o.s.b.d.autoconfigure.OptionalLiveReloadServer] - LiveReload server is running on port 35729
2024-07-03 18:43:12.001 [restartedMain] INFO  [o.s.boot.web.embedded.tomcat.TomcatWebServer] - Tomcat started on port(s): 9999 (http) with context path ''
2024-07-03 18:43:12.002 [restartedMain] INFO  [o.s.scheduling.quartz.SchedulerFactoryBean] - Starting Quartz Scheduler now
2024-07-03 18:43:12.419 [restartedMain] INFO  [o.s.scheduling.quartz.LocalDataSourceJobStore] - Freed 0 triggers from 'acquired' / 'blocked' state.
2024-07-03 18:43:12.636 [restartedMain] INFO  [o.s.scheduling.quartz.LocalDataSourceJobStore] - Recovering 0 jobs that were in-progress at the time of the last shut-down.
2024-07-03 18:43:12.637 [restartedMain] INFO  [o.s.scheduling.quartz.LocalDataSourceJobStore] - Recovery complete.
2024-07-03 18:43:12.743 [restartedMain] INFO  [o.s.scheduling.quartz.LocalDataSourceJobStore] - Removed 0 'complete' triggers.
2024-07-03 18:43:12.890 [restartedMain] INFO  [o.s.scheduling.quartz.LocalDataSourceJobStore] - Removed 0 stale fired job entries.
2024-07-03 18:43:13.147 [restartedMain] INFO  [o.s.b.d.a.ConditionEvaluationDeltaLoggingListener] - Condition evaluation unchanged
2024-07-03 18:50:45.255 [File Watcher] INFO  [o.s.b.d.a.LocalDevToolsAutoConfiguration$RestartingClassPathChangeChangedEventListener] - Restarting due to 191 class path changes (0 additions, 191 deletions, 0 modifications)
2024-07-03 18:50:45.260 [Thread-24] INFO  [org.apache.catalina.core.StandardService] - Stopping service [Tomcat]
2024-07-03 18:50:45.264 [Thread-24] INFO  [o.s.scheduling.quartz.SchedulerFactoryBean] - Shutting down Quartz Scheduler
2024-07-03 18:51:15.354 [main] INFO  [o.s.boot.web.embedded.tomcat.TomcatWebServer] - Tomcat initialized with port(s): 9999 (http)
2024-07-03 18:51:15.362 [main] INFO  [org.apache.catalina.core.StandardService] - Starting service [Tomcat]
2024-07-03 18:51:15.362 [main] INFO  [org.apache.catalina.core.StandardEngine] - Starting Servlet engine: [Apache Tomcat/10.1.11]
2024-07-03 18:51:15.413 [main] INFO  [o.a.c.core.ContainerBase.[Tomcat].[localhost].[/]] - Initializing Spring embedded WebApplicationContext
2024-07-03 18:51:15.414 [main] INFO  [o.s.b.w.s.c.ServletWebServerApplicationContext] - Root WebApplicationContext: initialization completed in 1135 ms
2024-07-03 18:51:15.929 [main] INFO  [org.apache.catalina.core.StandardService] - Stopping service [Tomcat]
2024-07-03 18:51:15.944 [main] INFO  [o.s.b.a.logging.ConditionEvaluationReportLogger] - 

Error starting ApplicationContext. To display the condition evaluation report re-run your application with 'debug' enabled.
2024-07-03 18:54:16.842 [restartedMain] INFO  [o.s.boot.devtools.restart.ChangeableUrls] - The Class-Path manifest attribute in /Users/wing/DevelopEnvironment/apache-maven-3.9.4/repository/xalan/xalan/2.7.2/xalan-2.7.2.jar referenced one or more files that do not exist: file:/Users/wing/DevelopEnvironment/apache-maven-3.9.4/repository/xalan/xalan/2.7.2/xercesImpl.jar,file:/Users/wing/DevelopEnvironment/apache-maven-3.9.4/repository/xalan/xalan/2.7.2/xml-apis.jar,file:/Users/wing/DevelopEnvironment/apache-maven-3.9.4/repository/xalan/xalan/2.7.2/serializer.jar
2024-07-03 18:54:16.842 [restartedMain] INFO  [o.s.boot.devtools.restart.ChangeableUrls] - The Class-Path manifest attribute in /Users/wing/DevelopEnvironment/apache-maven-3.9.4/repository/xalan/serializer/2.7.2/serializer-2.7.2.jar referenced one or more files that do not exist: file:/Users/wing/DevelopEnvironment/apache-maven-3.9.4/repository/xalan/serializer/2.7.2/xml-apis.jar
2024-07-03 18:54:16.842 [restartedMain] INFO  [o.s.b.d.env.DevToolsPropertyDefaultsPostProcessor] - Devtools property defaults active! Set 'spring.devtools.add-properties' to 'false' to disable
2024-07-03 18:54:16.842 [restartedMain] INFO  [o.s.b.d.env.DevToolsPropertyDefaultsPostProcessor] - For additional web related logging consider setting the 'logging.level.web' property to 'DEBUG'
2024-07-03 18:54:17.591 [restartedMain] INFO  [o.s.boot.web.embedded.tomcat.TomcatWebServer] - Tomcat initialized with port(s): 9999 (http)
2024-07-03 18:54:17.594 [restartedMain] INFO  [org.apache.catalina.core.StandardService] - Starting service [Tomcat]
2024-07-03 18:54:17.595 [restartedMain] INFO  [org.apache.catalina.core.StandardEngine] - Starting Servlet engine: [Apache Tomcat/10.1.11]
2024-07-03 18:54:17.623 [restartedMain] INFO  [o.a.c.core.ContainerBase.[Tomcat].[localhost].[/]] - Initializing Spring embedded WebApplicationContext
2024-07-03 18:54:17.623 [restartedMain] INFO  [o.s.b.w.s.c.ServletWebServerApplicationContext] - Root WebApplicationContext: initialization completed in 780 ms
2024-07-03 18:54:25.248 [restartedMain] INFO  [o.s.scheduling.quartz.LocalDataSourceJobStore] - Using db table-based data access locking (synchronization).
2024-07-03 18:54:25.250 [restartedMain] INFO  [o.s.scheduling.quartz.LocalDataSourceJobStore] - JobStoreCMT initialized.
2024-07-03 18:54:26.091 [restartedMain] INFO  [o.s.b.actuate.endpoint.web.EndpointLinksResolver] - Exposing 1 endpoint(s) beneath base path '/actuator'
2024-07-03 18:54:26.115 [restartedMain] INFO  [o.s.security.web.DefaultSecurityFilterChain] - Will secure any request with [org.springframework.security.web.session.DisableEncodeUrlFilter@3a9edbe0, org.springframework.security.web.context.request.async.WebAsyncManagerIntegrationFilter@70ae458a, org.springframework.security.web.context.SecurityContextHolderFilter@5ed3256f, org.springframework.security.web.header.HeaderWriterFilter@5a4b87f5, org.springframework.security.web.authentication.logout.LogoutFilter@5665edbf, com.redpig.security.filter.JwtAuthenticationTokenFilter@f30d0f9, com.redpig.security.filter.LoginAuthenticationFilter@3291e996, org.springframework.security.web.authentication.UsernamePasswordAuthenticationFilter@7d8b3c73, org.springframework.security.web.authentication.ui.DefaultLoginPageGeneratingFilter@754fab8d, org.springframework.security.web.authentication.ui.DefaultLogoutPageGeneratingFilter@7e1c75ff, org.springframework.security.web.savedrequest.RequestCacheAwareFilter@393ae881, org.springframework.security.web.servletapi.SecurityContextHolderAwareRequestFilter@4951b126, org.springframework.security.web.authentication.AnonymousAuthenticationFilter@7c9cfda3, org.springframework.security.web.access.ExceptionTranslationFilter@226aa3c9, org.springframework.security.web.access.intercept.AuthorizationFilter@ae6d173]
2024-07-03 18:54:26.283 [restartedMain] INFO  [o.s.b.d.autoconfigure.OptionalLiveReloadServer] - LiveReload server is running on port 35729
2024-07-03 18:54:26.331 [restartedMain] INFO  [o.s.boot.web.embedded.tomcat.TomcatWebServer] - Tomcat started on port(s): 9999 (http) with context path ''
2024-07-03 18:54:26.332 [restartedMain] INFO  [o.s.scheduling.quartz.SchedulerFactoryBean] - Starting Quartz Scheduler now
2024-07-03 18:54:26.879 [restartedMain] INFO  [o.s.scheduling.quartz.LocalDataSourceJobStore] - Freed 0 triggers from 'acquired' / 'blocked' state.
2024-07-03 18:54:27.143 [restartedMain] INFO  [o.s.scheduling.quartz.LocalDataSourceJobStore] - Recovering 0 jobs that were in-progress at the time of the last shut-down.
2024-07-03 18:54:27.144 [restartedMain] INFO  [o.s.scheduling.quartz.LocalDataSourceJobStore] - Recovery complete.
2024-07-03 18:54:27.239 [restartedMain] INFO  [o.s.scheduling.quartz.LocalDataSourceJobStore] - Removed 0 'complete' triggers.
2024-07-03 18:54:27.348 [restartedMain] INFO  [o.s.scheduling.quartz.LocalDataSourceJobStore] - Removed 0 stale fired job entries.
2024-07-03 18:54:27.861 [RMI TCP Connection(3)-127.0.0.1] INFO  [o.a.c.core.ContainerBase.[Tomcat].[localhost].[/]] - Initializing Spring DispatcherServlet 'dispatcherServlet'
2024-07-03 18:54:27.861 [RMI TCP Connection(3)-127.0.0.1] INFO  [org.springframework.web.servlet.DispatcherServlet] - Initializing Servlet 'dispatcherServlet'
2024-07-03 18:54:27.862 [RMI TCP Connection(3)-127.0.0.1] INFO  [org.springframework.web.servlet.DispatcherServlet] - Completed initialization in 1 ms
2024-07-03 18:58:12.374 [SpringApplicationShutdownHook] INFO  [o.s.scheduling.quartz.SchedulerFactoryBean] - Shutting down Quartz Scheduler
2024-07-03 18:58:14.960 [restartedMain] INFO  [o.s.boot.devtools.restart.ChangeableUrls] - The Class-Path manifest attribute in /Users/wing/DevelopEnvironment/apache-maven-3.9.4/repository/xalan/xalan/2.7.2/xalan-2.7.2.jar referenced one or more files that do not exist: file:/Users/wing/DevelopEnvironment/apache-maven-3.9.4/repository/xalan/xalan/2.7.2/xercesImpl.jar,file:/Users/wing/DevelopEnvironment/apache-maven-3.9.4/repository/xalan/xalan/2.7.2/xml-apis.jar,file:/Users/wing/DevelopEnvironment/apache-maven-3.9.4/repository/xalan/xalan/2.7.2/serializer.jar
2024-07-03 18:58:14.961 [restartedMain] INFO  [o.s.boot.devtools.restart.ChangeableUrls] - The Class-Path manifest attribute in /Users/wing/DevelopEnvironment/apache-maven-3.9.4/repository/xalan/serializer/2.7.2/serializer-2.7.2.jar referenced one or more files that do not exist: file:/Users/wing/DevelopEnvironment/apache-maven-3.9.4/repository/xalan/serializer/2.7.2/xml-apis.jar
2024-07-03 18:58:14.961 [restartedMain] INFO  [o.s.b.d.env.DevToolsPropertyDefaultsPostProcessor] - Devtools property defaults active! Set 'spring.devtools.add-properties' to 'false' to disable
2024-07-03 18:58:14.961 [restartedMain] INFO  [o.s.b.d.env.DevToolsPropertyDefaultsPostProcessor] - For additional web related logging consider setting the 'logging.level.web' property to 'DEBUG'
2024-07-03 18:58:15.790 [restartedMain] INFO  [o.s.boot.web.embedded.tomcat.TomcatWebServer] - Tomcat initialized with port(s): 9999 (http)
2024-07-03 18:58:15.794 [restartedMain] INFO  [org.apache.catalina.core.StandardService] - Starting service [Tomcat]
2024-07-03 18:58:15.795 [restartedMain] INFO  [org.apache.catalina.core.StandardEngine] - Starting Servlet engine: [Apache Tomcat/10.1.11]
2024-07-03 18:58:15.819 [restartedMain] INFO  [o.a.c.core.ContainerBase.[Tomcat].[localhost].[/]] - Initializing Spring embedded WebApplicationContext
2024-07-03 18:58:15.819 [restartedMain] INFO  [o.s.b.w.s.c.ServletWebServerApplicationContext] - Root WebApplicationContext: initialization completed in 858 ms
